{"/media/naranyala/Data/projects-remote/exba-wasm-vscode-extension/webview/components/calendar-picker.ts": {"path":"/media/naranyala/Data/projects-remote/exba-wasm-vscode-extension/webview/components/calendar-picker.ts","statementMap":{"0":{"start":{"line":4,"column":15},"end":{"line":126,"column":null}},"1":{"start":{"line":5,"column":29},"end":{"line":5,"column":null}},"2":{"start":{"line":17,"column":26},"end":{"line":17,"column":null}},"3":{"start":{"line":23,"column":30},"end":{"line":23,"column":null}},"4":{"start":{"line":28,"column":30},"end":{"line":28,"column":null}},"5":{"start":{"line":32,"column":26},"end":{"line":32,"column":null}},"6":{"start":{"line":50,"column":28},"end":{"line":50,"column":null}},"7":{"start":{"line":59,"column":28},"end":{"line":59,"column":null}},"8":{"start":{"line":65,"column":28},"end":{"line":65,"column":null}},"9":{"start":{"line":77,"column":23},"end":{"line":77,"column":null}},"10":{"start":{"line":113,"column":30},"end":{"line":113,"column":null}},"11":{"start":{"line":121,"column":32},"end":{"line":121,"column":null}},"12":{"start":{"line":129,"column":20},"end":{"line":129,"column":null}},"13":{"start":{"line":130,"column":12},"end":{"line":130,"column":null}},"14":{"start":{"line":131,"column":12},"end":{"line":134,"column":null}},"15":{"start":{"line":152,"column":8},"end":{"line":152,"column":null}},"16":{"start":{"line":154,"column":8},"end":{"line":154,"column":null}},"17":{"start":{"line":158,"column":8},"end":{"line":158,"column":null}},"18":{"start":{"line":159,"column":8},"end":{"line":159,"column":null}},"19":{"start":{"line":163,"column":8},"end":{"line":163,"column":null}},"20":{"start":{"line":167,"column":8},"end":{"line":179,"column":null}},"21":{"start":{"line":183,"column":27},"end":{"line":183,"column":null}},"22":{"start":{"line":184,"column":24},"end":{"line":184,"column":null}},"23":{"start":{"line":185,"column":8},"end":{"line":189,"column":null}},"24":{"start":{"line":186,"column":12},"end":{"line":186,"column":null}},"25":{"start":{"line":188,"column":12},"end":{"line":188,"column":null}},"26":{"start":{"line":193,"column":27},"end":{"line":193,"column":null}},"27":{"start":{"line":194,"column":24},"end":{"line":194,"column":null}},"28":{"start":{"line":195,"column":8},"end":{"line":199,"column":null}},"29":{"start":{"line":196,"column":12},"end":{"line":196,"column":null}},"30":{"start":{"line":198,"column":12},"end":{"line":198,"column":null}},"31":{"start":{"line":203,"column":22},"end":{"line":203,"column":null}},"32":{"start":{"line":204,"column":8},"end":{"line":204,"column":null}},"33":{"start":{"line":205,"column":8},"end":{"line":205,"column":null}},"34":{"start":{"line":209,"column":20},"end":{"line":209,"column":null}},"35":{"start":{"line":210,"column":23},"end":{"line":210,"column":null}},"36":{"start":{"line":211,"column":8},"end":{"line":211,"column":null}},"37":{"start":{"line":211,"column":21},"end":{"line":211,"column":null}},"38":{"start":{"line":213,"column":20},"end":{"line":213,"column":null}},"39":{"start":{"line":214,"column":32},"end":{"line":214,"column":null}},"40":{"start":{"line":215,"column":25},"end":{"line":215,"column":null}},"41":{"start":{"line":216,"column":8},"end":{"line":216,"column":null}},"42":{"start":{"line":220,"column":32},"end":{"line":220,"column":null}},"43":{"start":{"line":221,"column":25},"end":{"line":221,"column":null}},"44":{"start":{"line":223,"column":27},"end":{"line":236,"column":null}},"45":{"start":{"line":237,"column":25},"end":{"line":237,"column":null}},"46":{"start":{"line":240,"column":28},"end":{"line":240,"column":null}},"47":{"start":{"line":242,"column":30},"end":{"line":242,"column":null}},"48":{"start":{"line":244,"column":21},"end":{"line":244,"column":null}},"49":{"start":{"line":247,"column":8},"end":{"line":249,"column":null}},"50":{"start":{"line":247,"column":21},"end":{"line":247,"column":24}},"51":{"start":{"line":248,"column":12},"end":{"line":248,"column":null}},"52":{"start":{"line":252,"column":8},"end":{"line":277,"column":null}},"53":{"start":{"line":252,"column":21},"end":{"line":252,"column":24}},"54":{"start":{"line":254,"column":16},"end":{"line":256,"column":null}},"55":{"start":{"line":259,"column":16},"end":{"line":262,"column":null}},"56":{"start":{"line":264,"column":29},"end":{"line":270,"column":null}},"57":{"start":{"line":272,"column":12},"end":{"line":276,"column":null}},"58":{"start":{"line":279,"column":29},"end":{"line":281,"column":null}},"59":{"start":{"line":283,"column":8},"end":{"line":303,"column":null}},"60":{"start":{"line":295,"column":42},"end":{"line":295,"column":63}},"61":{"start":{"line":309,"column":0},"end":{"line":309,"column":null}}},"fnMap":{"0":{"name":"(anonymous_0)","decl":{"start":{"line":5,"column":4},"end":{"line":5,"column":16}},"loc":{"start":{"line":5,"column":29},"end":{"line":5,"column":null}},"line":5},"1":{"name":"(anonymous_1)","decl":{"start":{"line":17,"column":4},"end":{"line":17,"column":13}},"loc":{"start":{"line":17,"column":26},"end":{"line":17,"column":null}},"line":17},"2":{"name":"(anonymous_2)","decl":{"start":{"line":23,"column":4},"end":{"line":23,"column":17}},"loc":{"start":{"line":23,"column":30},"end":{"line":23,"column":null}},"line":23},"3":{"name":"(anonymous_3)","decl":{"start":{"line":28,"column":4},"end":{"line":28,"column":17}},"loc":{"start":{"line":28,"column":30},"end":{"line":28,"column":null}},"line":28},"4":{"name":"(anonymous_4)","decl":{"start":{"line":32,"column":4},"end":{"line":32,"column":13}},"loc":{"start":{"line":32,"column":26},"end":{"line":32,"column":null}},"line":32},"5":{"name":"(anonymous_5)","decl":{"start":{"line":50,"column":4},"end":{"line":50,"column":15}},"loc":{"start":{"line":50,"column":28},"end":{"line":50,"column":null}},"line":50},"6":{"name":"(anonymous_6)","decl":{"start":{"line":59,"column":4},"end":{"line":59,"column":15}},"loc":{"start":{"line":59,"column":28},"end":{"line":59,"column":null}},"line":59},"7":{"name":"(anonymous_7)","decl":{"start":{"line":65,"column":4},"end":{"line":65,"column":15}},"loc":{"start":{"line":65,"column":28},"end":{"line":65,"column":null}},"line":65},"8":{"name":"(anonymous_8)","decl":{"start":{"line":77,"column":4},"end":{"line":77,"column":10}},"loc":{"start":{"line":77,"column":23},"end":{"line":77,"column":null}},"line":77},"9":{"name":"(anonymous_9)","decl":{"start":{"line":113,"column":4},"end":{"line":113,"column":17}},"loc":{"start":{"line":113,"column":30},"end":{"line":113,"column":null}},"line":113},"10":{"name":"(anonymous_10)","decl":{"start":{"line":121,"column":4},"end":{"line":121,"column":19}},"loc":{"start":{"line":121,"column":32},"end":{"line":121,"column":null}},"line":121},"11":{"name":"constructor","decl":{"start":{"line":151,"column":4},"end":{"line":151,"column":18}},"loc":{"start":{"line":151,"column":18},"end":{"line":155,"column":null}},"line":151},"12":{"name":"connectedCallback","decl":{"start":{"line":157,"column":4},"end":{"line":157,"column":24}},"loc":{"start":{"line":157,"column":24},"end":{"line":160,"column":null}},"line":157},"13":{"name":"styles","decl":{"start":{"line":162,"column":4},"end":{"line":162,"column":13}},"loc":{"start":{"line":162,"column":13},"end":{"line":164,"column":null}},"line":162},"14":{"name":"initStyles","decl":{"start":{"line":166,"column":4},"end":{"line":166,"column":12}},"loc":{"start":{"line":166,"column":25},"end":{"line":180,"column":null}},"line":166},"15":{"name":"handlePrevMonth","decl":{"start":{"line":182,"column":4},"end":{"line":182,"column":22}},"loc":{"start":{"line":182,"column":22},"end":{"line":190,"column":null}},"line":182},"16":{"name":"handleNextMonth","decl":{"start":{"line":192,"column":4},"end":{"line":192,"column":22}},"loc":{"start":{"line":192,"column":22},"end":{"line":200,"column":null}},"line":192},"17":{"name":"handleToday","decl":{"start":{"line":202,"column":4},"end":{"line":202,"column":18}},"loc":{"start":{"line":202,"column":18},"end":{"line":206,"column":null}},"line":202},"18":{"name":"handleSelectDay","decl":{"start":{"line":208,"column":4},"end":{"line":208,"column":20}},"loc":{"start":{"line":208,"column":30},"end":{"line":217,"column":null}},"line":208},"19":{"name":"template","decl":{"start":{"line":219,"column":4},"end":{"line":219,"column":15}},"loc":{"start":{"line":219,"column":15},"end":{"line":307,"column":null}},"line":219},"20":{"name":"(anonymous_20)","decl":{"start":{"line":295,"column":31},"end":{"line":295,"column":36}},"loc":{"start":{"line":295,"column":42},"end":{"line":295,"column":63}},"line":295}},"branchMap":{"0":{"loc":{"start":{"line":185,"column":8},"end":{"line":189,"column":null}},"type":"if","locations":[{"start":{"line":185,"column":8},"end":{"line":189,"column":null}},{"start":{"line":187,"column":15},"end":{"line":189,"column":null}}],"line":185},"1":{"loc":{"start":{"line":195,"column":8},"end":{"line":199,"column":null}},"type":"if","locations":[{"start":{"line":195,"column":8},"end":{"line":199,"column":null}},{"start":{"line":197,"column":15},"end":{"line":199,"column":null}}],"line":195},"2":{"loc":{"start":{"line":211,"column":8},"end":{"line":211,"column":null}},"type":"if","locations":[{"start":{"line":211,"column":8},"end":{"line":211,"column":null}},{"start":{},"end":{}}],"line":211},"3":{"loc":{"start":{"line":254,"column":16},"end":{"line":256,"column":null}},"type":"binary-expr","locations":[{"start":{"line":254,"column":16},"end":{"line":254,"column":null}},{"start":{"line":255,"column":16},"end":{"line":255,"column":null}},{"start":{"line":256,"column":16},"end":{"line":256,"column":null}}],"line":254},"4":{"loc":{"start":{"line":259,"column":16},"end":{"line":262,"column":null}},"type":"binary-expr","locations":[{"start":{"line":259,"column":16},"end":{"line":259,"column":null}},{"start":{"line":260,"column":16},"end":{"line":260,"column":null}},{"start":{"line":261,"column":16},"end":{"line":261,"column":null}},{"start":{"line":262,"column":16},"end":{"line":262,"column":null}}],"line":259},"5":{"loc":{"start":{"line":266,"column":16},"end":{"line":266,"column":null}},"type":"cond-expr","locations":[{"start":{"line":266,"column":26},"end":{"line":266,"column":36}},{"start":{"line":266,"column":36},"end":{"line":266,"column":null}}],"line":266},"6":{"loc":{"start":{"line":267,"column":16},"end":{"line":267,"column":null}},"type":"cond-expr","locations":[{"start":{"line":267,"column":29},"end":{"line":267,"column":42}},{"start":{"line":267,"column":42},"end":{"line":267,"column":null}}],"line":267},"7":{"loc":{"start":{"line":279,"column":29},"end":{"line":281,"column":null}},"type":"cond-expr","locations":[{"start":{"line":280,"column":14},"end":{"line":280,"column":null}},{"start":{"line":281,"column":14},"end":{"line":281,"column":null}}],"line":279}},"s":{"0":1,"1":2,"2":2,"3":2,"4":2,"5":2,"6":2,"7":2,"8":2,"9":2,"10":2,"11":2,"12":2,"13":2,"14":2,"15":2,"16":2,"17":2,"18":2,"19":6,"20":2,"21":1,"22":1,"23":1,"24":0,"25":1,"26":1,"27":1,"28":1,"29":0,"30":1,"31":0,"32":0,"33":0,"34":0,"35":0,"36":0,"37":0,"38":0,"39":0,"40":0,"41":0,"42":6,"43":6,"44":6,"45":6,"46":6,"47":6,"48":6,"49":6,"50":6,"51":8,"52":6,"53":6,"54":181,"55":181,"56":181,"57":181,"58":6,"59":6,"60":42,"61":1},"f":{"0":2,"1":2,"2":2,"3":2,"4":2,"5":2,"6":2,"7":2,"8":2,"9":2,"10":2,"11":2,"12":2,"13":6,"14":2,"15":1,"16":1,"17":0,"18":0,"19":6,"20":42},"b":{"0":[0,1],"1":[0,1],"2":[0,0],"3":[181,6,5],"4":[181,181,6,5],"5":[5,176],"6":[5,176],"7":[6,0]},"meta":{"lastBranch":8,"lastFunction":21,"lastStatement":62,"seen":{"s:4:15:126:Infinity":0,"f:5:4:5:16":0,"s:5:29:5:Infinity":1,"f:17:4:17:13":1,"s:17:26:17:Infinity":2,"f:23:4:23:17":2,"s:23:30:23:Infinity":3,"f:28:4:28:17":3,"s:28:30:28:Infinity":4,"f:32:4:32:13":4,"s:32:26:32:Infinity":5,"f:50:4:50:15":5,"s:50:28:50:Infinity":6,"f:59:4:59:15":6,"s:59:28:59:Infinity":7,"f:65:4:65:15":7,"s:65:28:65:Infinity":8,"f:77:4:77:10":8,"s:77:23:77:Infinity":9,"f:113:4:113:17":9,"s:113:30:113:Infinity":10,"f:121:4:121:19":10,"s:121:32:121:Infinity":11,"s:129:20:129:Infinity":12,"s:130:12:130:Infinity":13,"s:131:12:134:Infinity":14,"f:151:4:151:18":11,"s:152:8:152:Infinity":15,"s:154:8:154:Infinity":16,"f:157:4:157:24":12,"s:158:8:158:Infinity":17,"s:159:8:159:Infinity":18,"f:162:4:162:13":13,"s:163:8:163:Infinity":19,"f:166:4:166:12":14,"s:167:8:179:Infinity":20,"f:182:4:182:22":15,"s:183:27:183:Infinity":21,"s:184:24:184:Infinity":22,"b:185:8:189:Infinity:187:15:189:Infinity":0,"s:185:8:189:Infinity":23,"s:186:12:186:Infinity":24,"s:188:12:188:Infinity":25,"f:192:4:192:22":16,"s:193:27:193:Infinity":26,"s:194:24:194:Infinity":27,"b:195:8:199:Infinity:197:15:199:Infinity":1,"s:195:8:199:Infinity":28,"s:196:12:196:Infinity":29,"s:198:12:198:Infinity":30,"f:202:4:202:18":17,"s:203:22:203:Infinity":31,"s:204:8:204:Infinity":32,"s:205:8:205:Infinity":33,"f:208:4:208:20":18,"s:209:20:209:Infinity":34,"s:210:23:210:Infinity":35,"b:211:8:211:Infinity:undefined:undefined:undefined:undefined":2,"s:211:8:211:Infinity":36,"s:211:21:211:Infinity":37,"s:213:20:213:Infinity":38,"s:214:32:214:Infinity":39,"s:215:25:215:Infinity":40,"s:216:8:216:Infinity":41,"f:219:4:219:15":19,"s:220:32:220:Infinity":42,"s:221:25:221:Infinity":43,"s:223:27:236:Infinity":44,"s:237:25:237:Infinity":45,"s:240:28:240:Infinity":46,"s:242:30:242:Infinity":47,"s:244:21:244:Infinity":48,"s:247:8:249:Infinity":49,"s:247:21:247:24":50,"s:248:12:248:Infinity":51,"s:252:8:277:Infinity":52,"s:252:21:252:24":53,"s:254:16:256:Infinity":54,"b:254:16:254:Infinity:255:16:255:Infinity:256:16:256:Infinity":3,"s:259:16:262:Infinity":55,"b:259:16:259:Infinity:260:16:260:Infinity:261:16:261:Infinity:262:16:262:Infinity":4,"s:264:29:270:Infinity":56,"b:266:26:266:36:266:36:266:Infinity":5,"b:267:29:267:42:267:42:267:Infinity":6,"s:272:12:276:Infinity":57,"s:279:29:281:Infinity":58,"b:280:14:280:Infinity:281:14:281:Infinity":7,"s:283:8:303:Infinity":59,"f:295:31:295:36":20,"s:295:42:295:63":60,"s:309:0:309:Infinity":61},"fnNames":{}}}
,"/media/naranyala/Data/projects-remote/exba-wasm-vscode-extension/webview/components/geolocation-demo.ts": {"path":"/media/naranyala/Data/projects-remote/exba-wasm-vscode-extension/webview/components/geolocation-demo.ts","statementMap":{"0":{"start":{"line":4,"column":15},"end":{"line":60,"column":null}},"1":{"start":{"line":5,"column":29},"end":{"line":5,"column":null}},"2":{"start":{"line":11,"column":23},"end":{"line":11,"column":null}},"3":{"start":{"line":30,"column":24},"end":{"line":30,"column":null}},"4":{"start":{"line":38,"column":25},"end":{"line":38,"column":null}},"5":{"start":{"line":42,"column":27},"end":{"line":42,"column":null}},"6":{"start":{"line":49,"column":27},"end":{"line":49,"column":null}},"7":{"start":{"line":68,"column":4},"end":{"line":77,"column":null}},"8":{"start":{"line":69,"column":8},"end":{"line":72,"column":null}},"9":{"start":{"line":70,"column":12},"end":{"line":70,"column":null}},"10":{"start":{"line":71,"column":12},"end":{"line":71,"column":null}},"11":{"start":{"line":73,"column":8},"end":{"line":76,"column":null}},"12":{"start":{"line":74,"column":21},"end":{"line":74,"column":null}},"13":{"start":{"line":75,"column":21},"end":{"line":75,"column":null}},"14":{"start":{"line":87,"column":8},"end":{"line":87,"column":null}},"15":{"start":{"line":88,"column":8},"end":{"line":88,"column":null}},"16":{"start":{"line":92,"column":8},"end":{"line":99,"column":null}},"17":{"start":{"line":101,"column":25},"end":{"line":101,"column":null}},"18":{"start":{"line":101,"column":67},"end":{"line":101,"column":87}},"19":{"start":{"line":102,"column":8},"end":{"line":102,"column":null}},"20":{"start":{"line":103,"column":8},"end":{"line":103,"column":null}},"21":{"start":{"line":105,"column":8},"end":{"line":105,"column":null}},"22":{"start":{"line":109,"column":8},"end":{"line":109,"column":null}},"23":{"start":{"line":113,"column":8},"end":{"line":113,"column":null}},"24":{"start":{"line":117,"column":22},"end":{"line":117,"column":null}},"25":{"start":{"line":118,"column":8},"end":{"line":146,"column":null}},"26":{"start":{"line":152,"column":0},"end":{"line":152,"column":null}}},"fnMap":{"0":{"name":"(anonymous_0)","decl":{"start":{"line":5,"column":4},"end":{"line":5,"column":16}},"loc":{"start":{"line":5,"column":29},"end":{"line":5,"column":null}},"line":5},"1":{"name":"(anonymous_1)","decl":{"start":{"line":11,"column":4},"end":{"line":11,"column":10}},"loc":{"start":{"line":11,"column":23},"end":{"line":11,"column":null}},"line":11},"2":{"name":"(anonymous_2)","decl":{"start":{"line":30,"column":4},"end":{"line":30,"column":11}},"loc":{"start":{"line":30,"column":24},"end":{"line":30,"column":null}},"line":30},"3":{"name":"(anonymous_3)","decl":{"start":{"line":38,"column":4},"end":{"line":38,"column":12}},"loc":{"start":{"line":38,"column":25},"end":{"line":38,"column":null}},"line":38},"4":{"name":"(anonymous_4)","decl":{"start":{"line":42,"column":4},"end":{"line":42,"column":14}},"loc":{"start":{"line":42,"column":27},"end":{"line":42,"column":null}},"line":42},"5":{"name":"(anonymous_5)","decl":{"start":{"line":49,"column":4},"end":{"line":49,"column":14}},"loc":{"start":{"line":49,"column":27},"end":{"line":49,"column":null}},"line":49},"6":{"name":"getCurrentPosition","decl":{"start":{"line":67,"column":9},"end":{"line":67,"column":52}},"loc":{"start":{"line":67,"column":52},"end":{"line":78,"column":null}},"line":67},"7":{"name":"(anonymous_7)","decl":{"start":{"line":68,"column":15},"end":{"line":68,"column":24}},"loc":{"start":{"line":68,"column":44},"end":{"line":77,"column":5}},"line":68},"8":{"name":"(anonymous_8)","decl":{"start":{"line":73,"column":30},"end":{"line":73,"column":null}},"loc":{"start":{"line":74,"column":21},"end":{"line":74,"column":null}},"line":74},"9":{"name":"(anonymous_9)","decl":{"start":{"line":74,"column":84},"end":{"line":74,"column":null}},"loc":{"start":{"line":75,"column":21},"end":{"line":75,"column":null}},"line":75},"10":{"name":"constructor","decl":{"start":{"line":86,"column":4},"end":{"line":86,"column":18}},"loc":{"start":{"line":86,"column":18},"end":{"line":89,"column":null}},"line":86},"11":{"name":"connectedCallback","decl":{"start":{"line":91,"column":4},"end":{"line":91,"column":24}},"loc":{"start":{"line":91,"column":24},"end":{"line":106,"column":null}},"line":91},"12":{"name":"(anonymous_12)","decl":{"start":{"line":101,"column":33},"end":{"line":101,"column":67}},"loc":{"start":{"line":101,"column":67},"end":{"line":101,"column":87}},"line":101},"13":{"name":"handleGetLocation","decl":{"start":{"line":108,"column":4},"end":{"line":108,"column":24}},"loc":{"start":{"line":108,"column":24},"end":{"line":110,"column":null}},"line":108},"14":{"name":"styles","decl":{"start":{"line":112,"column":4},"end":{"line":112,"column":13}},"loc":{"start":{"line":112,"column":13},"end":{"line":114,"column":null}},"line":112},"15":{"name":"template","decl":{"start":{"line":116,"column":4},"end":{"line":116,"column":15}},"loc":{"start":{"line":116,"column":15},"end":{"line":150,"column":null}},"line":116}},"branchMap":{"0":{"loc":{"start":{"line":69,"column":8},"end":{"line":72,"column":null}},"type":"if","locations":[{"start":{"line":69,"column":8},"end":{"line":72,"column":null}},{"start":{},"end":{}}],"line":69},"1":{"loc":{"start":{"line":120,"column":125},"end":{"line":120,"column":192}},"type":"cond-expr","locations":[{"start":{"line":120,"column":154},"end":{"line":120,"column":170}},{"start":{"line":120,"column":170},"end":{"line":120,"column":192}}],"line":120},"2":{"loc":{"start":{"line":122,"column":20},"end":{"line":129,"column":null}},"type":"cond-expr","locations":[{"start":{"line":123,"column":26},"end":{"line":129,"column":null}},{"start":{"line":129,"column":26},"end":{"line":129,"column":null}}],"line":122},"3":{"loc":{"start":{"line":132,"column":20},"end":{"line":136,"column":null}},"type":"cond-expr","locations":[{"start":{"line":133,"column":26},"end":{"line":136,"column":null}},{"start":{"line":136,"column":26},"end":{"line":136,"column":null}}],"line":132},"4":{"loc":{"start":{"line":139,"column":20},"end":{"line":146,"column":null}},"type":"cond-expr","locations":[{"start":{"line":140,"column":26},"end":{"line":146,"column":null}},{"start":{"line":146,"column":26},"end":{"line":146,"column":null}}],"line":139}},"s":{"0":2,"1":2,"2":2,"3":2,"4":2,"5":2,"6":2,"7":2,"8":2,"9":0,"10":0,"11":2,"12":1,"13":1,"14":2,"15":2,"16":2,"17":2,"18":2,"19":2,"20":2,"21":2,"22":2,"23":8,"24":8,"25":8,"26":2},"f":{"0":2,"1":2,"2":2,"3":2,"4":2,"5":2,"6":2,"7":2,"8":1,"9":1,"10":2,"11":2,"12":2,"13":2,"14":8,"15":8},"b":{"0":[0,2],"1":[2,6],"2":[2,6],"3":[1,7],"4":[1,7]},"meta":{"lastBranch":5,"lastFunction":16,"lastStatement":27,"seen":{"s:4:15:60:Infinity":0,"f:5:4:5:16":0,"s:5:29:5:Infinity":1,"f:11:4:11:10":1,"s:11:23:11:Infinity":2,"f:30:4:30:11":2,"s:30:24:30:Infinity":3,"f:38:4:38:12":3,"s:38:25:38:Infinity":4,"f:42:4:42:14":4,"s:42:27:42:Infinity":5,"f:49:4:49:14":5,"s:49:27:49:Infinity":6,"f:67:9:67:52":6,"s:68:4:77:Infinity":7,"f:68:15:68:24":7,"b:69:8:72:Infinity:undefined:undefined:undefined:undefined":0,"s:69:8:72:Infinity":8,"s:70:12:70:Infinity":9,"s:71:12:71:Infinity":10,"s:73:8:76:Infinity":11,"f:73:30:73:Infinity":8,"s:74:21:74:Infinity":12,"f:74:84:74:Infinity":9,"s:75:21:75:Infinity":13,"f:86:4:86:18":10,"s:87:8:87:Infinity":14,"s:88:8:88:Infinity":15,"f:91:4:91:24":11,"s:92:8:99:Infinity":16,"s:101:25:101:Infinity":17,"f:101:33:101:67":12,"s:101:67:101:87":18,"s:102:8:102:Infinity":19,"s:103:8:103:Infinity":20,"s:105:8:105:Infinity":21,"f:108:4:108:24":13,"s:109:8:109:Infinity":22,"f:112:4:112:13":14,"s:113:8:113:Infinity":23,"f:116:4:116:15":15,"s:117:22:117:Infinity":24,"s:118:8:146:Infinity":25,"b:120:154:120:170:120:170:120:192":1,"b:123:26:129:Infinity:129:26:129:Infinity":2,"b:133:26:136:Infinity:136:26:136:Infinity":3,"b:140:26:146:Infinity:146:26:146:Infinity":4,"s:152:0:152:Infinity":26},"fnNames":{}}}
,"/media/naranyala/Data/projects-remote/exba-wasm-vscode-extension/webview/components/grid-menu-app.ts": {"path":"/media/naranyala/Data/projects-remote/exba-wasm-vscode-extension/webview/components/grid-menu-app.ts","statementMap":{"0":{"start":{"line":30,"column":15},"end":{"line":356,"column":null}},"1":{"start":{"line":31,"column":26},"end":{"line":31,"column":null}},"2":{"start":{"line":48,"column":29},"end":{"line":48,"column":null}},"3":{"start":{"line":69,"column":32},"end":{"line":69,"column":null}},"4":{"start":{"line":77,"column":33},"end":{"line":77,"column":null}},"5":{"start":{"line":111,"column":24},"end":{"line":111,"column":null}},"6":{"start":{"line":116,"column":24},"end":{"line":116,"column":null}},"7":{"start":{"line":137,"column":24},"end":{"line":137,"column":null}},"8":{"start":{"line":148,"column":27},"end":{"line":148,"column":null}},"9":{"start":{"line":154,"column":30},"end":{"line":154,"column":null}},"10":{"start":{"line":160,"column":28},"end":{"line":160,"column":null}},"11":{"start":{"line":167,"column":25},"end":{"line":167,"column":null}},"12":{"start":{"line":176,"column":25},"end":{"line":176,"column":null}},"13":{"start":{"line":181,"column":24},"end":{"line":181,"column":null}},"14":{"start":{"line":191,"column":24},"end":{"line":191,"column":null}},"15":{"start":{"line":197,"column":23},"end":{"line":197,"column":null}},"16":{"start":{"line":204,"column":29},"end":{"line":204,"column":null}},"17":{"start":{"line":210,"column":27},"end":{"line":210,"column":null}},"18":{"start":{"line":218,"column":27},"end":{"line":218,"column":null}},"19":{"start":{"line":231,"column":26},"end":{"line":231,"column":null}},"20":{"start":{"line":247,"column":27},"end":{"line":247,"column":null}},"21":{"start":{"line":271,"column":28},"end":{"line":271,"column":null}},"22":{"start":{"line":287,"column":27},"end":{"line":287,"column":null}},"23":{"start":{"line":294,"column":29},"end":{"line":294,"column":null}},"24":{"start":{"line":300,"column":32},"end":{"line":300,"column":null}},"25":{"start":{"line":310,"column":27},"end":{"line":310,"column":null}},"26":{"start":{"line":314,"column":31},"end":{"line":314,"column":null}},"27":{"start":{"line":321,"column":28},"end":{"line":321,"column":null}},"28":{"start":{"line":327,"column":27},"end":{"line":327,"column":null}},"29":{"start":{"line":333,"column":27},"end":{"line":333,"column":null}},"30":{"start":{"line":339,"column":36},"end":{"line":339,"column":null}},"31":{"start":{"line":359,"column":12},"end":{"line":363,"column":null}},"32":{"start":{"line":400,"column":8},"end":{"line":400,"column":null}},"33":{"start":{"line":401,"column":8},"end":{"line":401,"column":null}},"34":{"start":{"line":402,"column":8},"end":{"line":402,"column":null}},"35":{"start":{"line":406,"column":8},"end":{"line":406,"column":null}},"36":{"start":{"line":408,"column":8},"end":{"line":444,"column":null}},"37":{"start":{"line":409,"column":25},"end":{"line":409,"column":null}},"38":{"start":{"line":410,"column":12},"end":{"line":410,"column":null}},"39":{"start":{"line":410,"column":23},"end":{"line":410,"column":null}},"40":{"start":{"line":412,"column":70},"end":{"line":437,"column":null}},"41":{"start":{"line":414,"column":31},"end":{"line":414,"column":null}},"42":{"start":{"line":415,"column":20},"end":{"line":415,"column":null}},"43":{"start":{"line":418,"column":31},"end":{"line":418,"column":null}},"44":{"start":{"line":419,"column":20},"end":{"line":419,"column":null}},"45":{"start":{"line":422,"column":31},"end":{"line":422,"column":null}},"46":{"start":{"line":423,"column":20},"end":{"line":423,"column":null}},"47":{"start":{"line":426,"column":31},"end":{"line":426,"column":null}},"48":{"start":{"line":427,"column":20},"end":{"line":427,"column":null}},"49":{"start":{"line":429,"column":41},"end":{"line":429,"column":null}},"50":{"start":{"line":430,"column":42},"end":{"line":430,"column":null}},"51":{"start":{"line":431,"column":43},"end":{"line":431,"column":null}},"52":{"start":{"line":432,"column":39},"end":{"line":432,"column":null}},"53":{"start":{"line":433,"column":38},"end":{"line":433,"column":null}},"54":{"start":{"line":434,"column":42},"end":{"line":434,"column":null}},"55":{"start":{"line":435,"column":38},"end":{"line":435,"column":null}},"56":{"start":{"line":436,"column":42},"end":{"line":436,"column":null}},"57":{"start":{"line":439,"column":12},"end":{"line":443,"column":null}},"58":{"start":{"line":439,"column":12},"end":{"line":440,"column":null}},"59":{"start":{"line":442,"column":22},"end":{"line":442,"column":null}},"60":{"start":{"line":448,"column":8},"end":{"line":448,"column":null}},"61":{"start":{"line":464,"column":8},"end":{"line":495,"column":null}},"62":{"start":{"line":499,"column":8},"end":{"line":499,"column":null}},"63":{"start":{"line":503,"column":21},"end":{"line":503,"column":null}},"64":{"start":{"line":504,"column":21},"end":{"line":504,"column":null}},"65":{"start":{"line":505,"column":8},"end":{"line":515,"column":null}},"66":{"start":{"line":506,"column":12},"end":{"line":506,"column":null}},"67":{"start":{"line":507,"column":25},"end":{"line":507,"column":null}},"68":{"start":{"line":507,"column":48},"end":{"line":507,"column":63}},"69":{"start":{"line":508,"column":12},"end":{"line":514,"column":null}},"70":{"start":{"line":509,"column":22},"end":{"line":509,"column":null}},"71":{"start":{"line":510,"column":16},"end":{"line":512,"column":null}},"72":{"start":{"line":510,"column":42},"end":{"line":510,"column":57}},"73":{"start":{"line":511,"column":20},"end":{"line":511,"column":null}},"74":{"start":{"line":513,"column":16},"end":{"line":513,"column":null}},"75":{"start":{"line":519,"column":23},"end":{"line":519,"column":null}},"76":{"start":{"line":520,"column":21},"end":{"line":520,"column":null}},"77":{"start":{"line":521,"column":8},"end":{"line":523,"column":null}},"78":{"start":{"line":522,"column":12},"end":{"line":522,"column":null}},"79":{"start":{"line":527,"column":8},"end":{"line":527,"column":null}},"80":{"start":{"line":528,"column":23},"end":{"line":528,"column":null}},"81":{"start":{"line":529,"column":21},"end":{"line":529,"column":null}},"82":{"start":{"line":530,"column":8},"end":{"line":542,"column":null}},"83":{"start":{"line":531,"column":18},"end":{"line":531,"column":null}},"84":{"start":{"line":532,"column":29},"end":{"line":532,"column":null}},"85":{"start":{"line":532,"column":52},"end":{"line":532,"column":67}},"86":{"start":{"line":533,"column":12},"end":{"line":533,"column":null}},"87":{"start":{"line":535,"column":12},"end":{"line":541,"column":null}},"88":{"start":{"line":536,"column":16},"end":{"line":540,"column":null}},"89":{"start":{"line":537,"column":20},"end":{"line":537,"column":null}},"90":{"start":{"line":539,"column":20},"end":{"line":539,"column":null}},"91":{"start":{"line":546,"column":8},"end":{"line":546,"column":null}},"92":{"start":{"line":550,"column":27},"end":{"line":550,"column":null}},"93":{"start":{"line":551,"column":8},"end":{"line":551,"column":null}},"94":{"start":{"line":555,"column":27},"end":{"line":555,"column":null}},"95":{"start":{"line":556,"column":8},"end":{"line":556,"column":null}},"96":{"start":{"line":560,"column":27},"end":{"line":560,"column":null}},"97":{"start":{"line":561,"column":8},"end":{"line":561,"column":null}},"98":{"start":{"line":565,"column":8},"end":{"line":576,"column":null}},"99":{"start":{"line":576,"column":57},"end":{"line":576,"column":111}},"100":{"start":{"line":584,"column":8},"end":{"line":584,"column":null}},"101":{"start":{"line":584,"column":27},"end":{"line":584,"column":null}},"102":{"start":{"line":585,"column":8},"end":{"line":592,"column":null}},"103":{"start":{"line":586,"column":12},"end":{"line":588,"column":null}},"104":{"start":{"line":594,"column":14},"end":{"line":594,"column":null}},"105":{"start":{"line":595,"column":14},"end":{"line":595,"column":null}},"106":{"start":{"line":596,"column":22},"end":{"line":596,"column":null}},"107":{"start":{"line":597,"column":14},"end":{"line":597,"column":null}},"108":{"start":{"line":598,"column":14},"end":{"line":598,"column":null}},"109":{"start":{"line":599,"column":33},"end":{"line":599,"column":null}},"110":{"start":{"line":602,"column":27},"end":{"line":602,"column":null}},"111":{"start":{"line":602,"column":48},"end":{"line":602,"column":68}},"112":{"start":{"line":604,"column":31},"end":{"line":604,"column":null}},"113":{"start":{"line":604,"column":51},"end":{"line":604,"column":86}},"114":{"start":{"line":605,"column":25},"end":{"line":605,"column":null}},"115":{"start":{"line":605,"column":45},"end":{"line":605,"column":73}},"116":{"start":{"line":606,"column":31},"end":{"line":606,"column":null}},"117":{"start":{"line":606,"column":51},"end":{"line":606,"column":90}},"118":{"start":{"line":608,"column":8},"end":{"line":739,"column":null}},"119":{"start":{"line":616,"column":33},"end":{"line":627,"column":null}},"120":{"start":{"line":663,"column":59},"end":{"line":663,"column":87}},"121":{"start":{"line":684,"column":59},"end":{"line":684,"column":87}},"122":{"start":{"line":705,"column":53},"end":{"line":705,"column":81}},"123":{"start":{"line":729,"column":55},"end":{"line":729,"column":109}},"124":{"start":{"line":744,"column":0},"end":{"line":744,"column":null}}},"fnMap":{"0":{"name":"(anonymous_0)","decl":{"start":{"line":31,"column":4},"end":{"line":31,"column":13}},"loc":{"start":{"line":31,"column":26},"end":{"line":31,"column":null}},"line":31},"1":{"name":"(anonymous_1)","decl":{"start":{"line":48,"column":4},"end":{"line":48,"column":16}},"loc":{"start":{"line":48,"column":29},"end":{"line":48,"column":null}},"line":48},"2":{"name":"(anonymous_2)","decl":{"start":{"line":69,"column":4},"end":{"line":69,"column":19}},"loc":{"start":{"line":69,"column":32},"end":{"line":69,"column":null}},"line":69},"3":{"name":"(anonymous_3)","decl":{"start":{"line":77,"column":4},"end":{"line":77,"column":20}},"loc":{"start":{"line":77,"column":33},"end":{"line":77,"column":null}},"line":77},"4":{"name":"(anonymous_4)","decl":{"start":{"line":111,"column":4},"end":{"line":111,"column":11}},"loc":{"start":{"line":111,"column":24},"end":{"line":111,"column":null}},"line":111},"5":{"name":"(anonymous_5)","decl":{"start":{"line":116,"column":4},"end":{"line":116,"column":11}},"loc":{"start":{"line":116,"column":24},"end":{"line":116,"column":null}},"line":116},"6":{"name":"(anonymous_6)","decl":{"start":{"line":137,"column":4},"end":{"line":137,"column":11}},"loc":{"start":{"line":137,"column":24},"end":{"line":137,"column":null}},"line":137},"7":{"name":"(anonymous_7)","decl":{"start":{"line":148,"column":4},"end":{"line":148,"column":14}},"loc":{"start":{"line":148,"column":27},"end":{"line":148,"column":null}},"line":148},"8":{"name":"(anonymous_8)","decl":{"start":{"line":154,"column":4},"end":{"line":154,"column":17}},"loc":{"start":{"line":154,"column":30},"end":{"line":154,"column":null}},"line":154},"9":{"name":"(anonymous_9)","decl":{"start":{"line":160,"column":4},"end":{"line":160,"column":15}},"loc":{"start":{"line":160,"column":28},"end":{"line":160,"column":null}},"line":160},"10":{"name":"(anonymous_10)","decl":{"start":{"line":167,"column":4},"end":{"line":167,"column":12}},"loc":{"start":{"line":167,"column":25},"end":{"line":167,"column":null}},"line":167},"11":{"name":"(anonymous_11)","decl":{"start":{"line":176,"column":4},"end":{"line":176,"column":12}},"loc":{"start":{"line":176,"column":25},"end":{"line":176,"column":null}},"line":176},"12":{"name":"(anonymous_12)","decl":{"start":{"line":181,"column":4},"end":{"line":181,"column":11}},"loc":{"start":{"line":181,"column":24},"end":{"line":181,"column":null}},"line":181},"13":{"name":"(anonymous_13)","decl":{"start":{"line":191,"column":4},"end":{"line":191,"column":11}},"loc":{"start":{"line":191,"column":24},"end":{"line":191,"column":null}},"line":191},"14":{"name":"(anonymous_14)","decl":{"start":{"line":197,"column":4},"end":{"line":197,"column":10}},"loc":{"start":{"line":197,"column":23},"end":{"line":197,"column":null}},"line":197},"15":{"name":"(anonymous_15)","decl":{"start":{"line":204,"column":4},"end":{"line":204,"column":16}},"loc":{"start":{"line":204,"column":29},"end":{"line":204,"column":null}},"line":204},"16":{"name":"(anonymous_16)","decl":{"start":{"line":210,"column":4},"end":{"line":210,"column":14}},"loc":{"start":{"line":210,"column":27},"end":{"line":210,"column":null}},"line":210},"17":{"name":"(anonymous_17)","decl":{"start":{"line":218,"column":4},"end":{"line":218,"column":14}},"loc":{"start":{"line":218,"column":27},"end":{"line":218,"column":null}},"line":218},"18":{"name":"(anonymous_18)","decl":{"start":{"line":231,"column":4},"end":{"line":231,"column":13}},"loc":{"start":{"line":231,"column":26},"end":{"line":231,"column":null}},"line":231},"19":{"name":"(anonymous_19)","decl":{"start":{"line":247,"column":4},"end":{"line":247,"column":14}},"loc":{"start":{"line":247,"column":27},"end":{"line":247,"column":null}},"line":247},"20":{"name":"(anonymous_20)","decl":{"start":{"line":271,"column":4},"end":{"line":271,"column":15}},"loc":{"start":{"line":271,"column":28},"end":{"line":271,"column":null}},"line":271},"21":{"name":"(anonymous_21)","decl":{"start":{"line":287,"column":4},"end":{"line":287,"column":14}},"loc":{"start":{"line":287,"column":27},"end":{"line":287,"column":null}},"line":287},"22":{"name":"(anonymous_22)","decl":{"start":{"line":294,"column":4},"end":{"line":294,"column":16}},"loc":{"start":{"line":294,"column":29},"end":{"line":294,"column":null}},"line":294},"23":{"name":"(anonymous_23)","decl":{"start":{"line":300,"column":4},"end":{"line":300,"column":19}},"loc":{"start":{"line":300,"column":32},"end":{"line":300,"column":null}},"line":300},"24":{"name":"(anonymous_24)","decl":{"start":{"line":310,"column":4},"end":{"line":310,"column":14}},"loc":{"start":{"line":310,"column":27},"end":{"line":310,"column":null}},"line":310},"25":{"name":"(anonymous_25)","decl":{"start":{"line":314,"column":4},"end":{"line":314,"column":18}},"loc":{"start":{"line":314,"column":31},"end":{"line":314,"column":null}},"line":314},"26":{"name":"(anonymous_26)","decl":{"start":{"line":321,"column":4},"end":{"line":321,"column":15}},"loc":{"start":{"line":321,"column":28},"end":{"line":321,"column":null}},"line":321},"27":{"name":"(anonymous_27)","decl":{"start":{"line":327,"column":4},"end":{"line":327,"column":14}},"loc":{"start":{"line":327,"column":27},"end":{"line":327,"column":null}},"line":327},"28":{"name":"(anonymous_28)","decl":{"start":{"line":333,"column":4},"end":{"line":333,"column":14}},"loc":{"start":{"line":333,"column":27},"end":{"line":333,"column":null}},"line":333},"29":{"name":"(anonymous_29)","decl":{"start":{"line":339,"column":4},"end":{"line":339,"column":23}},"loc":{"start":{"line":339,"column":36},"end":{"line":339,"column":null}},"line":339},"30":{"name":"constructor","decl":{"start":{"line":399,"column":4},"end":{"line":399,"column":18}},"loc":{"start":{"line":399,"column":18},"end":{"line":403,"column":null}},"line":399},"31":{"name":"connectedCallback","decl":{"start":{"line":405,"column":4},"end":{"line":405,"column":24}},"loc":{"start":{"line":405,"column":24},"end":{"line":445,"column":null}},"line":405},"32":{"name":"(anonymous_32)","decl":{"start":{"line":408,"column":8},"end":{"line":408,"column":28}},"loc":{"start":{"line":408,"column":28},"end":{"line":444,"column":9}},"line":408},"33":{"name":"(anonymous_33)","decl":{"start":{"line":413,"column":16},"end":{"line":413,"column":45}},"loc":{"start":{"line":413,"column":45},"end":{"line":416,"column":null}},"line":413},"34":{"name":"(anonymous_34)","decl":{"start":{"line":417,"column":16},"end":{"line":417,"column":44}},"loc":{"start":{"line":417,"column":44},"end":{"line":420,"column":null}},"line":417},"35":{"name":"(anonymous_35)","decl":{"start":{"line":421,"column":16},"end":{"line":421,"column":38}},"loc":{"start":{"line":421,"column":38},"end":{"line":424,"column":null}},"line":421},"36":{"name":"(anonymous_36)","decl":{"start":{"line":425,"column":16},"end":{"line":425,"column":46}},"loc":{"start":{"line":425,"column":46},"end":{"line":428,"column":null}},"line":425},"37":{"name":"(anonymous_37)","decl":{"start":{"line":429,"column":16},"end":{"line":429,"column":41}},"loc":{"start":{"line":429,"column":41},"end":{"line":429,"column":null}},"line":429},"38":{"name":"(anonymous_38)","decl":{"start":{"line":430,"column":16},"end":{"line":430,"column":42}},"loc":{"start":{"line":430,"column":42},"end":{"line":430,"column":null}},"line":430},"39":{"name":"(anonymous_39)","decl":{"start":{"line":431,"column":16},"end":{"line":431,"column":43}},"loc":{"start":{"line":431,"column":43},"end":{"line":431,"column":null}},"line":431},"40":{"name":"(anonymous_40)","decl":{"start":{"line":432,"column":16},"end":{"line":432,"column":39}},"loc":{"start":{"line":432,"column":39},"end":{"line":432,"column":null}},"line":432},"41":{"name":"(anonymous_41)","decl":{"start":{"line":433,"column":16},"end":{"line":433,"column":38}},"loc":{"start":{"line":433,"column":38},"end":{"line":433,"column":null}},"line":433},"42":{"name":"(anonymous_42)","decl":{"start":{"line":434,"column":16},"end":{"line":434,"column":42}},"loc":{"start":{"line":434,"column":42},"end":{"line":434,"column":null}},"line":434},"43":{"name":"(anonymous_43)","decl":{"start":{"line":435,"column":16},"end":{"line":435,"column":38}},"loc":{"start":{"line":435,"column":38},"end":{"line":435,"column":null}},"line":435},"44":{"name":"(anonymous_44)","decl":{"start":{"line":436,"column":16},"end":{"line":436,"column":42}},"loc":{"start":{"line":436,"column":42},"end":{"line":436,"column":null}},"line":436},"45":{"name":"(anonymous_45)","decl":{"start":{"line":439,"column":12},"end":{"line":439,"column":null}},"loc":{"start":{"line":439,"column":12},"end":{"line":440,"column":null}},"line":439},"46":{"name":"(anonymous_46)","decl":{"start":{"line":441,"column":16},"end":{"line":441,"column":null}},"loc":{"start":{"line":442,"column":22},"end":{"line":442,"column":null}},"line":442},"47":{"name":"styles","decl":{"start":{"line":447,"column":4},"end":{"line":447,"column":13}},"loc":{"start":{"line":447,"column":13},"end":{"line":461,"column":null}},"line":447},"48":{"name":"initStyles","decl":{"start":{"line":463,"column":4},"end":{"line":463,"column":12}},"loc":{"start":{"line":463,"column":25},"end":{"line":496,"column":null}},"line":463},"49":{"name":"handleGridSearch","decl":{"start":{"line":498,"column":4},"end":{"line":498,"column":21}},"loc":{"start":{"line":498,"column":31},"end":{"line":500,"column":null}},"line":498},"50":{"name":"handleGridClick","decl":{"start":{"line":502,"column":4},"end":{"line":502,"column":20}},"loc":{"start":{"line":502,"column":30},"end":{"line":516,"column":null}},"line":502},"51":{"name":"(anonymous_51)","decl":{"start":{"line":507,"column":36},"end":{"line":507,"column":42}},"loc":{"start":{"line":507,"column":48},"end":{"line":507,"column":63}},"line":507},"52":{"name":"(anonymous_52)","decl":{"start":{"line":510,"column":30},"end":{"line":510,"column":36}},"loc":{"start":{"line":510,"column":42},"end":{"line":510,"column":57}},"line":510},"53":{"name":"handleTabClick","decl":{"start":{"line":518,"column":4},"end":{"line":518,"column":19}},"loc":{"start":{"line":518,"column":29},"end":{"line":524,"column":null}},"line":518},"54":{"name":"handleCloseTab","decl":{"start":{"line":526,"column":4},"end":{"line":526,"column":19}},"loc":{"start":{"line":526,"column":29},"end":{"line":543,"column":null}},"line":526},"55":{"name":"(anonymous_55)","decl":{"start":{"line":532,"column":38},"end":{"line":532,"column":46}},"loc":{"start":{"line":532,"column":52},"end":{"line":532,"column":67}},"line":532},"56":{"name":"handleHomeClick","decl":{"start":{"line":545,"column":4},"end":{"line":545,"column":22}},"loc":{"start":{"line":545,"column":22},"end":{"line":547,"column":null}},"line":545},"57":{"name":"handleToggleComponents","decl":{"start":{"line":549,"column":4},"end":{"line":549,"column":29}},"loc":{"start":{"line":549,"column":29},"end":{"line":552,"column":null}},"line":549},"58":{"name":"handleToggleVscodeApi","decl":{"start":{"line":554,"column":4},"end":{"line":554,"column":28}},"loc":{"start":{"line":554,"column":28},"end":{"line":557,"column":null}},"line":554},"59":{"name":"handleToggleApis","decl":{"start":{"line":559,"column":4},"end":{"line":559,"column":23}},"loc":{"start":{"line":559,"column":23},"end":{"line":562,"column":null}},"line":559},"60":{"name":"renderCard","decl":{"start":{"line":564,"column":4},"end":{"line":564,"column":12}},"loc":{"start":{"line":564,"column":57},"end":{"line":581,"column":null}},"line":564},"61":{"name":"(anonymous_61)","decl":{"start":{"line":576,"column":36},"end":{"line":576,"column":41}},"loc":{"start":{"line":576,"column":57},"end":{"line":576,"column":111}},"line":576},"62":{"name":"template","decl":{"start":{"line":583,"column":4},"end":{"line":583,"column":15}},"loc":{"start":{"line":583,"column":15},"end":{"line":742,"column":null}},"line":583},"63":{"name":"(anonymous_63)","decl":{"start":{"line":602,"column":36},"end":{"line":602,"column":42}},"loc":{"start":{"line":602,"column":48},"end":{"line":602,"column":68}},"line":602},"64":{"name":"(anonymous_64)","decl":{"start":{"line":604,"column":37},"end":{"line":604,"column":45}},"loc":{"start":{"line":604,"column":51},"end":{"line":604,"column":86}},"line":604},"65":{"name":"(anonymous_65)","decl":{"start":{"line":605,"column":31},"end":{"line":605,"column":39}},"loc":{"start":{"line":605,"column":45},"end":{"line":605,"column":73}},"line":605},"66":{"name":"(anonymous_66)","decl":{"start":{"line":606,"column":37},"end":{"line":606,"column":45}},"loc":{"start":{"line":606,"column":51},"end":{"line":606,"column":90}},"line":606},"67":{"name":"(anonymous_67)","decl":{"start":{"line":615,"column":21},"end":{"line":615,"column":null}},"loc":{"start":{"line":616,"column":33},"end":{"line":627,"column":null}},"line":616},"68":{"name":"(anonymous_68)","decl":{"start":{"line":663,"column":45},"end":{"line":663,"column":50}},"loc":{"start":{"line":663,"column":59},"end":{"line":663,"column":87}},"line":663},"69":{"name":"(anonymous_69)","decl":{"start":{"line":684,"column":45},"end":{"line":684,"column":50}},"loc":{"start":{"line":684,"column":59},"end":{"line":684,"column":87}},"line":684},"70":{"name":"(anonymous_70)","decl":{"start":{"line":705,"column":39},"end":{"line":705,"column":44}},"loc":{"start":{"line":705,"column":53},"end":{"line":705,"column":81}},"line":705},"71":{"name":"(anonymous_71)","decl":{"start":{"line":729,"column":42},"end":{"line":729,"column":47}},"loc":{"start":{"line":729,"column":55},"end":{"line":729,"column":109}},"line":729}},"branchMap":{"0":{"loc":{"start":{"line":410,"column":12},"end":{"line":410,"column":null}},"type":"if","locations":[{"start":{"line":410,"column":12},"end":{"line":410,"column":null}},{"start":{},"end":{}}],"line":410},"1":{"loc":{"start":{"line":505,"column":8},"end":{"line":515,"column":null}},"type":"if","locations":[{"start":{"line":505,"column":8},"end":{"line":515,"column":null}},{"start":{},"end":{}}],"line":505},"2":{"loc":{"start":{"line":508,"column":12},"end":{"line":514,"column":null}},"type":"if","locations":[{"start":{"line":508,"column":12},"end":{"line":514,"column":null}},{"start":{},"end":{}}],"line":508},"3":{"loc":{"start":{"line":510,"column":16},"end":{"line":512,"column":null}},"type":"if","locations":[{"start":{"line":510,"column":16},"end":{"line":512,"column":null}},{"start":{},"end":{}}],"line":510},"4":{"loc":{"start":{"line":521,"column":8},"end":{"line":523,"column":null}},"type":"if","locations":[{"start":{"line":521,"column":8},"end":{"line":523,"column":null}},{"start":{},"end":{}}],"line":521},"5":{"loc":{"start":{"line":530,"column":8},"end":{"line":542,"column":null}},"type":"if","locations":[{"start":{"line":530,"column":8},"end":{"line":542,"column":null}},{"start":{},"end":{}}],"line":530},"6":{"loc":{"start":{"line":535,"column":12},"end":{"line":541,"column":null}},"type":"if","locations":[{"start":{"line":535,"column":12},"end":{"line":541,"column":null}},{"start":{},"end":{}}],"line":535},"7":{"loc":{"start":{"line":536,"column":16},"end":{"line":540,"column":null}},"type":"if","locations":[{"start":{"line":536,"column":16},"end":{"line":540,"column":null}},{"start":{"line":538,"column":23},"end":{"line":540,"column":null}}],"line":536},"8":{"loc":{"start":{"line":571,"column":26},"end":{"line":571,"column":null}},"type":"cond-expr","locations":[{"start":{"line":571,"column":34},"end":{"line":571,"column":100}},{"start":{"line":571,"column":100},"end":{"line":571,"column":null}}],"line":571},"9":{"loc":{"start":{"line":584,"column":8},"end":{"line":584,"column":null}},"type":"if","locations":[{"start":{"line":584,"column":8},"end":{"line":584,"column":null}},{"start":{},"end":{}}],"line":584},"10":{"loc":{"start":{"line":585,"column":8},"end":{"line":592,"column":null}},"type":"if","locations":[{"start":{"line":585,"column":8},"end":{"line":592,"column":null}},{"start":{},"end":{}}],"line":585},"11":{"loc":{"start":{"line":595,"column":14},"end":{"line":595,"column":null}},"type":"binary-expr","locations":[{"start":{"line":595,"column":14},"end":{"line":595,"column":48}},{"start":{"line":595,"column":48},"end":{"line":595,"column":null}}],"line":595},"12":{"loc":{"start":{"line":610,"column":56},"end":{"line":610,"column":94}},"type":"cond-expr","locations":[{"start":{"line":610,"column":79},"end":{"line":610,"column":91}},{"start":{"line":610,"column":91},"end":{"line":610,"column":94}}],"line":610},"13":{"loc":{"start":{"line":618,"column":56},"end":{"line":618,"column":96}},"type":"cond-expr","locations":[{"start":{"line":618,"column":81},"end":{"line":618,"column":93}},{"start":{"line":618,"column":93},"end":{"line":618,"column":96}}],"line":618},"14":{"loc":{"start":{"line":632,"column":16},"end":{"line":739,"column":null}},"type":"cond-expr","locations":[{"start":{"line":633,"column":22},"end":{"line":716,"column":null}},{"start":{"line":716,"column":22},"end":{"line":739,"column":null}}],"line":632},"15":{"loc":{"start":{"line":650,"column":22},"end":{"line":650,"column":null}},"type":"cond-expr","locations":[{"start":{"line":650,"column":30},"end":{"line":650,"column":105}},{"start":{"line":650,"column":105},"end":{"line":650,"column":null}}],"line":650},"16":{"loc":{"start":{"line":650,"column":55},"end":{"line":650,"column":85}},"type":"cond-expr","locations":[{"start":{"line":650,"column":76},"end":{"line":650,"column":82}},{"start":{"line":650,"column":82},"end":{"line":650,"column":85}}],"line":650},"17":{"loc":{"start":{"line":656,"column":42},"end":{"line":656,"column":90}},"type":"cond-expr","locations":[{"start":{"line":656,"column":72},"end":{"line":656,"column":87}},{"start":{"line":656,"column":87},"end":{"line":656,"column":90}}],"line":656},"18":{"loc":{"start":{"line":659,"column":20},"end":{"line":671,"column":null}},"type":"cond-expr","locations":[{"start":{"line":660,"column":26},"end":{"line":671,"column":null}},{"start":{"line":671,"column":26},"end":{"line":671,"column":null}}],"line":659},"19":{"loc":{"start":{"line":660,"column":26},"end":{"line":671,"column":null}},"type":"cond-expr","locations":[{"start":{"line":661,"column":30},"end":{"line":666,"column":34}},{"start":{"line":666,"column":30},"end":{"line":671,"column":null}}],"line":660},"20":{"loc":{"start":{"line":677,"column":42},"end":{"line":677,"column":91}},"type":"cond-expr","locations":[{"start":{"line":677,"column":73},"end":{"line":677,"column":88}},{"start":{"line":677,"column":88},"end":{"line":677,"column":91}}],"line":677},"21":{"loc":{"start":{"line":680,"column":20},"end":{"line":692,"column":null}},"type":"cond-expr","locations":[{"start":{"line":681,"column":26},"end":{"line":692,"column":null}},{"start":{"line":692,"column":26},"end":{"line":692,"column":null}}],"line":680},"22":{"loc":{"start":{"line":681,"column":26},"end":{"line":692,"column":null}},"type":"cond-expr","locations":[{"start":{"line":682,"column":30},"end":{"line":687,"column":34}},{"start":{"line":687,"column":30},"end":{"line":692,"column":null}}],"line":681},"23":{"loc":{"start":{"line":698,"column":42},"end":{"line":698,"column":85}},"type":"cond-expr","locations":[{"start":{"line":698,"column":67},"end":{"line":698,"column":82}},{"start":{"line":698,"column":82},"end":{"line":698,"column":85}}],"line":698},"24":{"loc":{"start":{"line":701,"column":20},"end":{"line":713,"column":null}},"type":"cond-expr","locations":[{"start":{"line":702,"column":26},"end":{"line":713,"column":null}},{"start":{"line":713,"column":26},"end":{"line":713,"column":null}}],"line":701},"25":{"loc":{"start":{"line":702,"column":26},"end":{"line":713,"column":null}},"type":"cond-expr","locations":[{"start":{"line":703,"column":30},"end":{"line":708,"column":34}},{"start":{"line":708,"column":30},"end":{"line":713,"column":null}}],"line":702},"26":{"loc":{"start":{"line":716,"column":22},"end":{"line":739,"column":null}},"type":"cond-expr","locations":[{"start":{"line":717,"column":24},"end":{"line":739,"column":null}},{"start":{"line":739,"column":24},"end":{"line":739,"column":null}}],"line":716}},"s":{"0":1,"1":1,"2":1,"3":1,"4":1,"5":1,"6":1,"7":1,"8":1,"9":1,"10":1,"11":1,"12":1,"13":1,"14":1,"15":1,"16":1,"17":1,"18":1,"19":1,"20":1,"21":1,"22":1,"23":1,"24":1,"25":1,"26":1,"27":1,"28":1,"29":1,"30":1,"31":1,"32":1,"33":1,"34":1,"35":1,"36":1,"37":0,"38":0,"39":0,"40":0,"41":0,"42":0,"43":0,"44":0,"45":0,"46":0,"47":0,"48":0,"49":0,"50":0,"51":0,"52":0,"53":0,"54":0,"55":0,"56":0,"57":0,"58":0,"59":0,"60":5,"61":1,"62":1,"63":0,"64":0,"65":0,"66":0,"67":0,"68":0,"69":0,"70":0,"71":0,"72":0,"73":0,"74":0,"75":0,"76":0,"77":0,"78":0,"79":0,"80":0,"81":0,"82":0,"83":0,"84":0,"85":0,"86":0,"87":0,"88":0,"89":0,"90":0,"91":0,"92":0,"93":0,"94":0,"95":0,"96":0,"97":0,"98":6,"99":18,"100":5,"101":0,"102":5,"103":2,"104":3,"105":3,"106":5,"107":5,"108":5,"109":5,"110":5,"111":0,"112":5,"113":15,"114":5,"115":15,"116":5,"117":15,"118":5,"119":0,"120":6,"121":0,"122":0,"123":0,"124":1},"f":{"0":1,"1":1,"2":1,"3":1,"4":1,"5":1,"6":1,"7":1,"8":1,"9":1,"10":1,"11":1,"12":1,"13":1,"14":1,"15":1,"16":1,"17":1,"18":1,"19":1,"20":1,"21":1,"22":1,"23":1,"24":1,"25":1,"26":1,"27":1,"28":1,"29":1,"30":1,"31":1,"32":0,"33":0,"34":0,"35":0,"36":0,"37":0,"38":0,"39":0,"40":0,"41":0,"42":0,"43":0,"44":0,"45":0,"46":0,"47":5,"48":1,"49":1,"50":0,"51":0,"52":0,"53":0,"54":0,"55":0,"56":0,"57":0,"58":0,"59":0,"60":6,"61":18,"62":5,"63":0,"64":15,"65":15,"66":15,"67":0,"68":6,"69":0,"70":0,"71":0},"b":{"0":[0,0],"1":[0,0],"2":[0,0],"3":[0,0],"4":[0,0],"5":[0,0],"6":[0,0],"7":[0,0],"8":[2,4],"9":[0,5],"10":[2,3],"11":[3,0],"12":[3,0],"13":[0,0],"14":[3,0],"15":[2,1],"16":[0,2],"17":[0,3],"18":[3,0],"19":[3,0],"20":[3,0],"21":[0,3],"22":[0,0],"23":[3,0],"24":[0,3],"25":[0,0],"26":[0,0]},"meta":{"lastBranch":27,"lastFunction":72,"lastStatement":125,"seen":{"s:30:15:356:Infinity":0,"f:31:4:31:13":0,"s:31:26:31:Infinity":1,"f:48:4:48:16":1,"s:48:29:48:Infinity":2,"f:69:4:69:19":2,"s:69:32:69:Infinity":3,"f:77:4:77:20":3,"s:77:33:77:Infinity":4,"f:111:4:111:11":4,"s:111:24:111:Infinity":5,"f:116:4:116:11":5,"s:116:24:116:Infinity":6,"f:137:4:137:11":6,"s:137:24:137:Infinity":7,"f:148:4:148:14":7,"s:148:27:148:Infinity":8,"f:154:4:154:17":8,"s:154:30:154:Infinity":9,"f:160:4:160:15":9,"s:160:28:160:Infinity":10,"f:167:4:167:12":10,"s:167:25:167:Infinity":11,"f:176:4:176:12":11,"s:176:25:176:Infinity":12,"f:181:4:181:11":12,"s:181:24:181:Infinity":13,"f:191:4:191:11":13,"s:191:24:191:Infinity":14,"f:197:4:197:10":14,"s:197:23:197:Infinity":15,"f:204:4:204:16":15,"s:204:29:204:Infinity":16,"f:210:4:210:14":16,"s:210:27:210:Infinity":17,"f:218:4:218:14":17,"s:218:27:218:Infinity":18,"f:231:4:231:13":18,"s:231:26:231:Infinity":19,"f:247:4:247:14":19,"s:247:27:247:Infinity":20,"f:271:4:271:15":20,"s:271:28:271:Infinity":21,"f:287:4:287:14":21,"s:287:27:287:Infinity":22,"f:294:4:294:16":22,"s:294:29:294:Infinity":23,"f:300:4:300:19":23,"s:300:32:300:Infinity":24,"f:310:4:310:14":24,"s:310:27:310:Infinity":25,"f:314:4:314:18":25,"s:314:31:314:Infinity":26,"f:321:4:321:15":26,"s:321:28:321:Infinity":27,"f:327:4:327:14":27,"s:327:27:327:Infinity":28,"f:333:4:333:14":28,"s:333:27:333:Infinity":29,"f:339:4:339:23":29,"s:339:36:339:Infinity":30,"s:359:12:363:Infinity":31,"f:399:4:399:18":30,"s:400:8:400:Infinity":32,"s:401:8:401:Infinity":33,"s:402:8:402:Infinity":34,"f:405:4:405:24":31,"s:406:8:406:Infinity":35,"s:408:8:444:Infinity":36,"f:408:8:408:28":32,"s:409:25:409:Infinity":37,"b:410:12:410:Infinity:undefined:undefined:undefined:undefined":0,"s:410:12:410:Infinity":38,"s:410:23:410:Infinity":39,"s:412:70:437:Infinity":40,"f:413:16:413:45":33,"s:414:31:414:Infinity":41,"s:415:20:415:Infinity":42,"f:417:16:417:44":34,"s:418:31:418:Infinity":43,"s:419:20:419:Infinity":44,"f:421:16:421:38":35,"s:422:31:422:Infinity":45,"s:423:20:423:Infinity":46,"f:425:16:425:46":36,"s:426:31:426:Infinity":47,"s:427:20:427:Infinity":48,"f:429:16:429:41":37,"s:429:41:429:Infinity":49,"f:430:16:430:42":38,"s:430:42:430:Infinity":50,"f:431:16:431:43":39,"s:431:43:431:Infinity":51,"f:432:16:432:39":40,"s:432:39:432:Infinity":52,"f:433:16:433:38":41,"s:433:38:433:Infinity":53,"f:434:16:434:42":42,"s:434:42:434:Infinity":54,"f:435:16:435:38":43,"s:435:38:435:Infinity":55,"f:436:16:436:42":44,"s:436:42:436:Infinity":56,"s:439:12:443:Infinity":57,"f:439:12:439:Infinity":45,"s:439:12:440:Infinity":58,"f:441:16:441:Infinity":46,"s:442:22:442:Infinity":59,"f:447:4:447:13":47,"s:448:8:448:Infinity":60,"f:463:4:463:12":48,"s:464:8:495:Infinity":61,"f:498:4:498:21":49,"s:499:8:499:Infinity":62,"f:502:4:502:20":50,"s:503:21:503:Infinity":63,"s:504:21:504:Infinity":64,"b:505:8:515:Infinity:undefined:undefined:undefined:undefined":1,"s:505:8:515:Infinity":65,"s:506:12:506:Infinity":66,"s:507:25:507:Infinity":67,"f:507:36:507:42":51,"s:507:48:507:63":68,"b:508:12:514:Infinity:undefined:undefined:undefined:undefined":2,"s:508:12:514:Infinity":69,"s:509:22:509:Infinity":70,"b:510:16:512:Infinity:undefined:undefined:undefined:undefined":3,"s:510:16:512:Infinity":71,"f:510:30:510:36":52,"s:510:42:510:57":72,"s:511:20:511:Infinity":73,"s:513:16:513:Infinity":74,"f:518:4:518:19":53,"s:519:23:519:Infinity":75,"s:520:21:520:Infinity":76,"b:521:8:523:Infinity:undefined:undefined:undefined:undefined":4,"s:521:8:523:Infinity":77,"s:522:12:522:Infinity":78,"f:526:4:526:19":54,"s:527:8:527:Infinity":79,"s:528:23:528:Infinity":80,"s:529:21:529:Infinity":81,"b:530:8:542:Infinity:undefined:undefined:undefined:undefined":5,"s:530:8:542:Infinity":82,"s:531:18:531:Infinity":83,"s:532:29:532:Infinity":84,"f:532:38:532:46":55,"s:532:52:532:67":85,"s:533:12:533:Infinity":86,"b:535:12:541:Infinity:undefined:undefined:undefined:undefined":6,"s:535:12:541:Infinity":87,"b:536:16:540:Infinity:538:23:540:Infinity":7,"s:536:16:540:Infinity":88,"s:537:20:537:Infinity":89,"s:539:20:539:Infinity":90,"f:545:4:545:22":56,"s:546:8:546:Infinity":91,"f:549:4:549:29":57,"s:550:27:550:Infinity":92,"s:551:8:551:Infinity":93,"f:554:4:554:28":58,"s:555:27:555:Infinity":94,"s:556:8:556:Infinity":95,"f:559:4:559:23":59,"s:560:27:560:Infinity":96,"s:561:8:561:Infinity":97,"f:564:4:564:12":60,"s:565:8:576:Infinity":98,"b:571:34:571:100:571:100:571:Infinity":8,"f:576:36:576:41":61,"s:576:57:576:111":99,"f:583:4:583:15":62,"b:584:8:584:Infinity:undefined:undefined:undefined:undefined":9,"s:584:8:584:Infinity":100,"s:584:27:584:Infinity":101,"b:585:8:592:Infinity:undefined:undefined:undefined:undefined":10,"s:585:8:592:Infinity":102,"s:586:12:588:Infinity":103,"s:594:14:594:Infinity":104,"s:595:14:595:Infinity":105,"b:595:14:595:48:595:48:595:Infinity":11,"s:596:22:596:Infinity":106,"s:597:14:597:Infinity":107,"s:598:14:598:Infinity":108,"s:599:33:599:Infinity":109,"s:602:27:602:Infinity":110,"f:602:36:602:42":63,"s:602:48:602:68":111,"s:604:31:604:Infinity":112,"f:604:37:604:45":64,"s:604:51:604:86":113,"s:605:25:605:Infinity":114,"f:605:31:605:39":65,"s:605:45:605:73":115,"s:606:31:606:Infinity":116,"f:606:37:606:45":66,"s:606:51:606:90":117,"s:608:8:739:Infinity":118,"b:610:79:610:91:610:91:610:94":12,"f:615:21:615:Infinity":67,"s:616:33:627:Infinity":119,"b:618:81:618:93:618:93:618:96":13,"b:633:22:716:Infinity:716:22:739:Infinity":14,"b:650:30:650:105:650:105:650:Infinity":15,"b:650:76:650:82:650:82:650:85":16,"b:656:72:656:87:656:87:656:90":17,"b:660:26:671:Infinity:671:26:671:Infinity":18,"b:661:30:666:34:666:30:671:Infinity":19,"f:663:45:663:50":68,"s:663:59:663:87":120,"b:677:73:677:88:677:88:677:91":20,"b:681:26:692:Infinity:692:26:692:Infinity":21,"b:682:30:687:34:687:30:692:Infinity":22,"f:684:45:684:50":69,"s:684:59:684:87":121,"b:698:67:698:82:698:82:698:85":23,"b:702:26:713:Infinity:713:26:713:Infinity":24,"b:703:30:708:34:708:30:713:Infinity":25,"f:705:39:705:44":70,"s:705:53:705:81":122,"b:717:24:739:Infinity:739:24:739:Infinity":26,"f:729:42:729:47":71,"s:729:55:729:109":123,"s:744:0:744:Infinity":124},"fnNames":{}}}
,"/media/naranyala/Data/projects-remote/exba-wasm-vscode-extension/webview/components/leaflet-demo.ts": {"path":"/media/naranyala/Data/projects-remote/exba-wasm-vscode-extension/webview/components/leaflet-demo.ts","statementMap":{"0":{"start":{"line":5,"column":15},"end":{"line":13,"column":null}},"1":{"start":{"line":6,"column":29},"end":{"line":13,"column":null}},"2":{"start":{"line":18,"column":29},"end":{"line":18,"column":null}},"3":{"start":{"line":21,"column":8},"end":{"line":21,"column":null}},"4":{"start":{"line":22,"column":8},"end":{"line":22,"column":null}},"5":{"start":{"line":26,"column":8},"end":{"line":28,"column":null}},"6":{"start":{"line":29,"column":8},"end":{"line":29,"column":null}},"7":{"start":{"line":30,"column":8},"end":{"line":30,"column":null}},"8":{"start":{"line":30,"column":28},"end":{"line":30,"column":42}},"9":{"start":{"line":34,"column":8},"end":{"line":34,"column":null}},"10":{"start":{"line":34,"column":33},"end":{"line":34,"column":null}},"11":{"start":{"line":35,"column":19},"end":{"line":35,"column":null}},"12":{"start":{"line":36,"column":8},"end":{"line":36,"column":null}},"13":{"start":{"line":36,"column":17},"end":{"line":36,"column":null}},"14":{"start":{"line":38,"column":20},"end":{"line":38,"column":null}},"15":{"start":{"line":39,"column":8},"end":{"line":41,"column":null}},"16":{"start":{"line":42,"column":8},"end":{"line":42,"column":null}},"17":{"start":{"line":46,"column":8},"end":{"line":48,"column":null}},"18":{"start":{"line":53,"column":8},"end":{"line":53,"column":null}},"19":{"start":{"line":57,"column":0},"end":{"line":57,"column":null}}},"fnMap":{"0":{"name":"(anonymous_0)","decl":{"start":{"line":6,"column":4},"end":{"line":6,"column":16}},"loc":{"start":{"line":6,"column":29},"end":{"line":13,"column":null}},"line":6},"1":{"name":"constructor","decl":{"start":{"line":20,"column":4},"end":{"line":20,"column":18}},"loc":{"start":{"line":20,"column":18},"end":{"line":23,"column":null}},"line":20},"2":{"name":"connectedCallback","decl":{"start":{"line":25,"column":4},"end":{"line":25,"column":24}},"loc":{"start":{"line":25,"column":24},"end":{"line":31,"column":null}},"line":25},"3":{"name":"(anonymous_3)","decl":{"start":{"line":30,"column":8},"end":{"line":30,"column":28}},"loc":{"start":{"line":30,"column":28},"end":{"line":30,"column":42}},"line":30},"4":{"name":"initMap","decl":{"start":{"line":33,"column":4},"end":{"line":33,"column":12}},"loc":{"start":{"line":33,"column":22},"end":{"line":43,"column":null}},"line":33},"5":{"name":"template","decl":{"start":{"line":45,"column":4},"end":{"line":45,"column":15}},"loc":{"start":{"line":45,"column":15},"end":{"line":50,"column":null}},"line":45},"6":{"name":"styles","decl":{"start":{"line":52,"column":4},"end":{"line":52,"column":13}},"loc":{"start":{"line":52,"column":13},"end":{"line":54,"column":null}},"line":52}},"branchMap":{"0":{"loc":{"start":{"line":34,"column":8},"end":{"line":34,"column":null}},"type":"if","locations":[{"start":{"line":34,"column":8},"end":{"line":34,"column":null}},{"start":{},"end":{}}],"line":34},"1":{"loc":{"start":{"line":36,"column":8},"end":{"line":36,"column":null}},"type":"if","locations":[{"start":{"line":36,"column":8},"end":{"line":36,"column":null}},{"start":{},"end":{}}],"line":36}},"s":{"0":1,"1":0,"2":0,"3":0,"4":0,"5":0,"6":0,"7":0,"8":0,"9":0,"10":0,"11":0,"12":0,"13":0,"14":0,"15":0,"16":0,"17":0,"18":0,"19":1},"f":{"0":0,"1":0,"2":0,"3":0,"4":0,"5":0,"6":0},"b":{"0":[0,0],"1":[0,0]},"meta":{"lastBranch":2,"lastFunction":7,"lastStatement":20,"seen":{"s:5:15:13:Infinity":0,"f:6:4:6:16":0,"s:6:29:13:Infinity":1,"s:18:29:18:Infinity":2,"f:20:4:20:18":1,"s:21:8:21:Infinity":3,"s:22:8:22:Infinity":4,"f:25:4:25:24":2,"s:26:8:28:Infinity":5,"s:29:8:29:Infinity":6,"s:30:8:30:Infinity":7,"f:30:8:30:28":3,"s:30:28:30:42":8,"f:33:4:33:12":4,"b:34:8:34:Infinity:undefined:undefined:undefined:undefined":0,"s:34:8:34:Infinity":9,"s:34:33:34:Infinity":10,"s:35:19:35:Infinity":11,"b:36:8:36:Infinity:undefined:undefined:undefined:undefined":1,"s:36:8:36:Infinity":12,"s:36:17:36:Infinity":13,"s:38:20:38:Infinity":14,"s:39:8:41:Infinity":15,"s:42:8:42:Infinity":16,"f:45:4:45:15":5,"s:46:8:48:Infinity":17,"f:52:4:52:13":6,"s:53:8:53:Infinity":18,"s:57:0:57:Infinity":19},"fnNames":{}}}
,"/media/naranyala/Data/projects-remote/exba-wasm-vscode-extension/webview/components/notification-demo.ts": {"path":"/media/naranyala/Data/projects-remote/exba-wasm-vscode-extension/webview/components/notification-demo.ts","statementMap":{"0":{"start":{"line":4,"column":15},"end":{"line":30,"column":null}},"1":{"start":{"line":5,"column":29},"end":{"line":5,"column":null}},"2":{"start":{"line":11,"column":23},"end":{"line":11,"column":null}},"3":{"start":{"line":26,"column":26},"end":{"line":26,"column":null}},"4":{"start":{"line":33,"column":12},"end":{"line":35,"column":null}},"5":{"start":{"line":40,"column":8},"end":{"line":40,"column":null}},"6":{"start":{"line":41,"column":8},"end":{"line":41,"column":null}},"7":{"start":{"line":45,"column":8},"end":{"line":49,"column":null}},"8":{"start":{"line":50,"column":8},"end":{"line":50,"column":null}},"9":{"start":{"line":54,"column":8},"end":{"line":54,"column":null}},"10":{"start":{"line":58,"column":8},"end":{"line":60,"column":null}},"11":{"start":{"line":59,"column":12},"end":{"line":59,"column":null}},"12":{"start":{"line":62,"column":8},"end":{"line":65,"column":null}},"13":{"start":{"line":63,"column":27},"end":{"line":63,"column":null}},"14":{"start":{"line":64,"column":12},"end":{"line":64,"column":null}},"15":{"start":{"line":67,"column":8},"end":{"line":71,"column":null}},"16":{"start":{"line":68,"column":12},"end":{"line":70,"column":null}},"17":{"start":{"line":75,"column":27},"end":{"line":75,"column":null}},"18":{"start":{"line":76,"column":8},"end":{"line":80,"column":null}},"19":{"start":{"line":86,"column":0},"end":{"line":86,"column":null}}},"fnMap":{"0":{"name":"(anonymous_0)","decl":{"start":{"line":5,"column":4},"end":{"line":5,"column":16}},"loc":{"start":{"line":5,"column":29},"end":{"line":5,"column":null}},"line":5},"1":{"name":"(anonymous_1)","decl":{"start":{"line":11,"column":4},"end":{"line":11,"column":10}},"loc":{"start":{"line":11,"column":23},"end":{"line":11,"column":null}},"line":11},"2":{"name":"(anonymous_2)","decl":{"start":{"line":26,"column":4},"end":{"line":26,"column":13}},"loc":{"start":{"line":26,"column":26},"end":{"line":26,"column":null}},"line":26},"3":{"name":"constructor","decl":{"start":{"line":39,"column":4},"end":{"line":39,"column":18}},"loc":{"start":{"line":39,"column":18},"end":{"line":42,"column":null}},"line":39},"4":{"name":"connectedCallback","decl":{"start":{"line":44,"column":4},"end":{"line":44,"column":24}},"loc":{"start":{"line":44,"column":24},"end":{"line":51,"column":null}},"line":44},"5":{"name":"styles","decl":{"start":{"line":53,"column":4},"end":{"line":53,"column":13}},"loc":{"start":{"line":53,"column":13},"end":{"line":55,"column":null}},"line":53},"6":{"name":"handleSendNotification","decl":{"start":{"line":57,"column":10},"end":{"line":57,"column":35}},"loc":{"start":{"line":57,"column":35},"end":{"line":72,"column":null}},"line":57},"7":{"name":"template","decl":{"start":{"line":74,"column":4},"end":{"line":74,"column":15}},"loc":{"start":{"line":74,"column":15},"end":{"line":84,"column":null}},"line":74}},"branchMap":{"0":{"loc":{"start":{"line":34,"column":8},"end":{"line":34,"column":null}},"type":"cond-expr","locations":[{"start":{"line":34,"column":46},"end":{"line":34,"column":72}},{"start":{"line":34,"column":72},"end":{"line":34,"column":null}}],"line":34},"1":{"loc":{"start":{"line":58,"column":8},"end":{"line":60,"column":null}},"type":"if","locations":[{"start":{"line":58,"column":8},"end":{"line":60,"column":null}},{"start":{},"end":{}}],"line":58},"2":{"loc":{"start":{"line":62,"column":8},"end":{"line":65,"column":null}},"type":"if","locations":[{"start":{"line":62,"column":8},"end":{"line":65,"column":null}},{"start":{},"end":{}}],"line":62},"3":{"loc":{"start":{"line":67,"column":8},"end":{"line":71,"column":null}},"type":"if","locations":[{"start":{"line":67,"column":8},"end":{"line":71,"column":null}},{"start":{},"end":{}}],"line":67}},"s":{"0":2,"1":1,"2":1,"3":1,"4":1,"5":1,"6":1,"7":1,"8":1,"9":3,"10":1,"11":0,"12":1,"13":1,"14":1,"15":1,"16":1,"17":3,"18":3,"19":2},"f":{"0":1,"1":1,"2":1,"3":1,"4":1,"5":3,"6":1,"7":3},"b":{"0":[1,0],"1":[0,1],"2":[1,0],"3":[1,0]},"meta":{"lastBranch":4,"lastFunction":8,"lastStatement":20,"seen":{"s:4:15:30:Infinity":0,"f:5:4:5:16":0,"s:5:29:5:Infinity":1,"f:11:4:11:10":1,"s:11:23:11:Infinity":2,"f:26:4:26:13":2,"s:26:26:26:Infinity":3,"s:33:12:35:Infinity":4,"b:34:46:34:72:34:72:34:Infinity":0,"f:39:4:39:18":3,"s:40:8:40:Infinity":5,"s:41:8:41:Infinity":6,"f:44:4:44:24":4,"s:45:8:49:Infinity":7,"s:50:8:50:Infinity":8,"f:53:4:53:13":5,"s:54:8:54:Infinity":9,"f:57:10:57:35":6,"b:58:8:60:Infinity:undefined:undefined:undefined:undefined":1,"s:58:8:60:Infinity":10,"s:59:12:59:Infinity":11,"b:62:8:65:Infinity:undefined:undefined:undefined:undefined":2,"s:62:8:65:Infinity":12,"s:63:27:63:Infinity":13,"s:64:12:64:Infinity":14,"b:67:8:71:Infinity:undefined:undefined:undefined:undefined":3,"s:67:8:71:Infinity":15,"s:68:12:70:Infinity":16,"f:74:4:74:15":7,"s:75:27:75:Infinity":17,"s:76:8:80:Infinity":18,"s:86:0:86:Infinity":19},"fnNames":{}}}
,"/media/naranyala/Data/projects-remote/exba-wasm-vscode-extension/webview/components/share-demo.ts": {"path":"/media/naranyala/Data/projects-remote/exba-wasm-vscode-extension/webview/components/share-demo.ts","statementMap":{"0":{"start":{"line":4,"column":15},"end":{"line":33,"column":null}},"1":{"start":{"line":5,"column":29},"end":{"line":5,"column":null}},"2":{"start":{"line":11,"column":23},"end":{"line":11,"column":null}},"3":{"start":{"line":26,"column":26},"end":{"line":26,"column":null}},"4":{"start":{"line":36,"column":12},"end":{"line":36,"column":null}},"5":{"start":{"line":37,"column":12},"end":{"line":37,"column":null}},"6":{"start":{"line":42,"column":8},"end":{"line":42,"column":null}},"7":{"start":{"line":43,"column":8},"end":{"line":43,"column":null}},"8":{"start":{"line":47,"column":8},"end":{"line":51,"column":null}},"9":{"start":{"line":52,"column":8},"end":{"line":52,"column":null}},"10":{"start":{"line":56,"column":8},"end":{"line":56,"column":null}},"11":{"start":{"line":60,"column":26},"end":{"line":64,"column":null}},"12":{"start":{"line":66,"column":8},"end":{"line":85,"column":null}},"13":{"start":{"line":67,"column":12},"end":{"line":74,"column":null}},"14":{"start":{"line":68,"column":16},"end":{"line":68,"column":null}},"15":{"start":{"line":69,"column":16},"end":{"line":69,"column":null}},"16":{"start":{"line":70,"column":16},"end":{"line":70,"column":null}},"17":{"start":{"line":72,"column":16},"end":{"line":72,"column":null}},"18":{"start":{"line":73,"column":16},"end":{"line":73,"column":null}},"19":{"start":{"line":77,"column":12},"end":{"line":84,"column":null}},"20":{"start":{"line":78,"column":16},"end":{"line":78,"column":null}},"21":{"start":{"line":79,"column":16},"end":{"line":79,"column":null}},"22":{"start":{"line":80,"column":16},"end":{"line":80,"column":null}},"23":{"start":{"line":82,"column":16},"end":{"line":82,"column":null}},"24":{"start":{"line":83,"column":16},"end":{"line":83,"column":null}},"25":{"start":{"line":89,"column":26},"end":{"line":89,"column":null}},"26":{"start":{"line":90,"column":29},"end":{"line":90,"column":null}},"27":{"start":{"line":92,"column":8},"end":{"line":102,"column":null}},"28":{"start":{"line":108,"column":0},"end":{"line":108,"column":null}}},"fnMap":{"0":{"name":"(anonymous_0)","decl":{"start":{"line":5,"column":4},"end":{"line":5,"column":16}},"loc":{"start":{"line":5,"column":29},"end":{"line":5,"column":null}},"line":5},"1":{"name":"(anonymous_1)","decl":{"start":{"line":11,"column":4},"end":{"line":11,"column":10}},"loc":{"start":{"line":11,"column":23},"end":{"line":11,"column":null}},"line":11},"2":{"name":"(anonymous_2)","decl":{"start":{"line":26,"column":4},"end":{"line":26,"column":13}},"loc":{"start":{"line":26,"column":26},"end":{"line":26,"column":null}},"line":26},"3":{"name":"constructor","decl":{"start":{"line":41,"column":4},"end":{"line":41,"column":18}},"loc":{"start":{"line":41,"column":18},"end":{"line":44,"column":null}},"line":41},"4":{"name":"connectedCallback","decl":{"start":{"line":46,"column":4},"end":{"line":46,"column":24}},"loc":{"start":{"line":46,"column":24},"end":{"line":53,"column":null}},"line":46},"5":{"name":"styles","decl":{"start":{"line":55,"column":4},"end":{"line":55,"column":13}},"loc":{"start":{"line":55,"column":13},"end":{"line":57,"column":null}},"line":55},"6":{"name":"handleShare","decl":{"start":{"line":59,"column":10},"end":{"line":59,"column":24}},"loc":{"start":{"line":59,"column":24},"end":{"line":86,"column":null}},"line":59},"7":{"name":"template","decl":{"start":{"line":88,"column":4},"end":{"line":88,"column":15}},"loc":{"start":{"line":88,"column":15},"end":{"line":106,"column":null}},"line":88}},"branchMap":{"0":{"loc":{"start":{"line":66,"column":8},"end":{"line":85,"column":null}},"type":"if","locations":[{"start":{"line":66,"column":8},"end":{"line":85,"column":null}},{"start":{"line":75,"column":15},"end":{"line":85,"column":null}}],"line":66},"1":{"loc":{"start":{"line":96,"column":20},"end":{"line":102,"column":null}},"type":"cond-expr","locations":[{"start":{"line":97,"column":26},"end":{"line":102,"column":null}},{"start":{"line":102,"column":26},"end":{"line":102,"column":null}}],"line":96},"2":{"loc":{"start":{"line":98,"column":56},"end":{"line":98,"column":87}},"type":"cond-expr","locations":[{"start":{"line":98,"column":71},"end":{"line":98,"column":84}},{"start":{"line":98,"column":84},"end":{"line":98,"column":87}}],"line":98}},"s":{"0":2,"1":2,"2":2,"3":2,"4":2,"5":2,"6":2,"7":2,"8":2,"9":2,"10":6,"11":2,"12":2,"13":1,"14":1,"15":1,"16":1,"17":0,"18":0,"19":1,"20":1,"21":1,"22":1,"23":0,"24":0,"25":6,"26":6,"27":6,"28":2},"f":{"0":2,"1":2,"2":2,"3":2,"4":2,"5":6,"6":2,"7":6},"b":{"0":[1,1],"1":[2,4],"2":[2,0]},"meta":{"lastBranch":3,"lastFunction":8,"lastStatement":29,"seen":{"s:4:15:33:Infinity":0,"f:5:4:5:16":0,"s:5:29:5:Infinity":1,"f:11:4:11:10":1,"s:11:23:11:Infinity":2,"f:26:4:26:13":2,"s:26:26:26:Infinity":3,"s:36:12:36:Infinity":4,"s:37:12:37:Infinity":5,"f:41:4:41:18":3,"s:42:8:42:Infinity":6,"s:43:8:43:Infinity":7,"f:46:4:46:24":4,"s:47:8:51:Infinity":8,"s:52:8:52:Infinity":9,"f:55:4:55:13":5,"s:56:8:56:Infinity":10,"f:59:10:59:24":6,"s:60:26:64:Infinity":11,"b:66:8:85:Infinity:75:15:85:Infinity":0,"s:66:8:85:Infinity":12,"s:67:12:74:Infinity":13,"s:68:16:68:Infinity":14,"s:69:16:69:Infinity":15,"s:70:16:70:Infinity":16,"s:72:16:72:Infinity":17,"s:73:16:73:Infinity":18,"s:77:12:84:Infinity":19,"s:78:16:78:Infinity":20,"s:79:16:79:Infinity":21,"s:80:16:80:Infinity":22,"s:82:16:82:Infinity":23,"s:83:16:83:Infinity":24,"f:88:4:88:15":7,"s:89:26:89:Infinity":25,"s:90:29:90:Infinity":26,"s:92:8:102:Infinity":27,"b:97:26:102:Infinity:102:26:102:Infinity":1,"b:98:71:98:84:98:84:98:87":2,"s:108:0:108:Infinity":28},"fnNames":{}}}
,"/media/naranyala/Data/projects-remote/exba-wasm-vscode-extension/webview/components/state.ts": {"path":"/media/naranyala/Data/projects-remote/exba-wasm-vscode-extension/webview/components/state.ts","statementMap":{"0":{"start":{"line":4,"column":24},"end":{"line":4,"column":null}},"1":{"start":{"line":5,"column":29},"end":{"line":5,"column":null}},"2":{"start":{"line":6,"column":24},"end":{"line":6,"column":null}},"3":{"start":{"line":7,"column":25},"end":{"line":7,"column":null}},"4":{"start":{"line":8,"column":22},"end":{"line":8,"column":null}},"5":{"start":{"line":9,"column":25},"end":{"line":9,"column":null}},"6":{"start":{"line":11,"column":28},"end":{"line":11,"column":null}},"7":{"start":{"line":13,"column":29},"end":{"line":13,"column":null}},"8":{"start":{"line":22,"column":27},"end":{"line":22,"column":null}},"9":{"start":{"line":23,"column":32},"end":{"line":23,"column":null}},"10":{"start":{"line":33,"column":43},"end":{"line":76,"column":null}},"11":{"start":{"line":87,"column":38},"end":{"line":193,"column":null}},"12":{"start":{"line":201,"column":4},"end":{"line":201,"column":null}},"13":{"start":{"line":202,"column":4},"end":{"line":202,"column":null}},"14":{"start":{"line":206,"column":4},"end":{"line":215,"column":null}},"15":{"start":{"line":207,"column":21},"end":{"line":207,"column":null}},"16":{"start":{"line":208,"column":8},"end":{"line":208,"column":null}},"17":{"start":{"line":208,"column":19},"end":{"line":208,"column":null}},"18":{"start":{"line":209,"column":8},"end":{"line":214,"column":null}},"19":{"start":{"line":210,"column":12},"end":{"line":210,"column":null}},"20":{"start":{"line":212,"column":12},"end":{"line":212,"column":null}},"21":{"start":{"line":213,"column":12},"end":{"line":213,"column":null}},"22":{"start":{"line":218,"column":26},"end":{"line":221,"column":null}},"23":{"start":{"line":219,"column":14},"end":{"line":219,"column":null}},"24":{"start":{"line":223,"column":28},"end":{"line":227,"column":null}},"25":{"start":{"line":224,"column":20},"end":{"line":224,"column":null}},"26":{"start":{"line":225,"column":4},"end":{"line":225,"column":null}},"27":{"start":{"line":225,"column":18},"end":{"line":225,"column":null}},"28":{"start":{"line":226,"column":4},"end":{"line":226,"column":null}},"29":{"start":{"line":232,"column":4},"end":{"line":232,"column":null}},"30":{"start":{"line":232,"column":17},"end":{"line":232,"column":null}},"31":{"start":{"line":232,"column":45},"end":{"line":232,"column":69}},"32":{"start":{"line":233,"column":4},"end":{"line":239,"column":null}},"33":{"start":{"line":235,"column":31},"end":{"line":235,"column":null}},"34":{"start":{"line":236,"column":12},"end":{"line":236,"column":null}},"35":{"start":{"line":238,"column":26},"end":{"line":238,"column":40}},"36":{"start":{"line":239,"column":24},"end":{"line":239,"column":41}},"37":{"start":{"line":242,"column":37},"end":{"line":245,"column":null}},"38":{"start":{"line":243,"column":14},"end":{"line":243,"column":null}},"39":{"start":{"line":247,"column":36},"end":{"line":250,"column":null}},"40":{"start":{"line":248,"column":14},"end":{"line":248,"column":null}},"41":{"start":{"line":255,"column":21},"end":{"line":259,"column":null}},"42":{"start":{"line":256,"column":21},"end":{"line":256,"column":null}},"43":{"start":{"line":257,"column":8},"end":{"line":257,"column":null}},"44":{"start":{"line":257,"column":19},"end":{"line":257,"column":null}},"45":{"start":{"line":258,"column":8},"end":{"line":258,"column":null}},"46":{"start":{"line":260,"column":4},"end":{"line":260,"column":null}}},"fnMap":{"0":{"name":"getWasm","decl":{"start":{"line":200,"column":9},"end":{"line":200,"column":19}},"loc":{"start":{"line":200,"column":19},"end":{"line":203,"column":null}},"line":200},"1":{"name":"wasmMemo","decl":{"start":{"line":205,"column":9},"end":{"line":205,"column":24}},"loc":{"start":{"line":205,"column":79},"end":{"line":216,"column":null}},"line":205},"2":{"name":"(anonymous_2)","decl":{"start":{"line":206,"column":11},"end":{"line":206,"column":22}},"loc":{"start":{"line":206,"column":22},"end":{"line":215,"column":5}},"line":206},"3":{"name":"(anonymous_3)","decl":{"start":{"line":218,"column":26},"end":{"line":218,"column":null}},"loc":{"start":{"line":219,"column":14},"end":{"line":219,"column":null}},"line":219},"4":{"name":"(anonymous_4)","decl":{"start":{"line":223,"column":28},"end":{"line":223,"column":38}},"loc":{"start":{"line":223,"column":47},"end":{"line":227,"column":3}},"line":223},"5":{"name":"scoreItems","decl":{"start":{"line":229,"column":9},"end":{"line":229,"column":null}},"loc":{"start":{"line":231,"column":75},"end":{"line":240,"column":null}},"line":231},"6":{"name":"(anonymous_6)","decl":{"start":{"line":232,"column":30},"end":{"line":232,"column":35}},"loc":{"start":{"line":232,"column":45},"end":{"line":232,"column":69}},"line":232},"7":{"name":"(anonymous_7)","decl":{"start":{"line":234,"column":9},"end":{"line":234,"column":14}},"loc":{"start":{"line":234,"column":23},"end":{"line":237,"column":9}},"line":234},"8":{"name":"(anonymous_8)","decl":{"start":{"line":238,"column":9},"end":{"line":238,"column":17}},"loc":{"start":{"line":238,"column":26},"end":{"line":238,"column":40}},"line":238},"9":{"name":"(anonymous_9)","decl":{"start":{"line":239,"column":9},"end":{"line":239,"column":15}},"loc":{"start":{"line":239,"column":24},"end":{"line":239,"column":41}},"line":239},"10":{"name":"(anonymous_10)","decl":{"start":{"line":242,"column":37},"end":{"line":242,"column":null}},"loc":{"start":{"line":243,"column":14},"end":{"line":243
[...]
},"end":{"line":203,"column":82}},{"start":{"line":203,"column":82},"end":{"line":203,"column":null}}],"line":203},"22":{"loc":{"start":{"line":207,"column":8},"end":{"line":210,"column":null}},"type":"if","locations":[{"start":{"line":207,"column":8},"end":{"line":210,"column":null}},{"start":{},"end":{}}],"line":207},"23":{"loc":{"start":{"line":222,"column":8},"end":{"line":224,"column":null}},"type":"if","locations":[{"start":{"line":222,"column":8},"end":{"line":224,"column":null}},{"start":{},"end":{}}],"line":222},"24":{"loc":{"start":{"line":230,"column":8},"end":{"line":230,"column":null}},"type":"if","locations":[{"start":{"line":230,"column":8},"end":{"line":230,"column":null}},{"start":{},"end":{}}],"line":230},"25":{"loc":{"start":{"line":233,"column":8},"end":{"line":235,"column":null}},"type":"if","locations":[{"start":{"line":233,"column":8},"end":{"line":235,"column":null}},{"start":{},"end":{}}],"line":233},"26":{"loc":{"start":{"line":244,"column":8},"end":{"line":244,"column":null}},"type":"if","locations":[{"start":{"line":244,"column":8},"end":{"line":244,"column":null}},{"start":{},"end":{}}],"line":244},"27":{"loc":{"start":{"line":246,"column":8},"end":{"line":246,"column":null}},"type":"if","locations":[{"start":{"line":246,"column":8},"end":{"line":246,"column":null}},{"start":{},"end":{}}],"line":246},"28":{"loc":{"start":{"line":248,"column":8},"end":{"line":255,"column":null}},"type":"if","locations":[{"start":{"line":248,"column":8},"end":{"line":255,"column":null}},{"start":{},"end":{}}],"line":248},"29":{"loc":{"start":{"line":284,"column":12},"end":{"line":284,"column":null}},"type":"if","locations":[{"start":{"line":284,"column":12},"end":{"line":284,"column":null}},{"start":{},"end":{}}],"line":284},"30":{"loc":{"start":{"line":285,"column":12},"end":{"line":285,"column":null}},"type":"if","locations":[{"start":{"line":285,"column":12},"end":{"line":285,"column":null}},{"start":{},"end":{}}],"line":285},"31":{"loc":{"start":{"line":297,"column":12},"end":{"line":297,"column":null}},"type":"if","locations":[{"start":{"line":297,"column":12},"end":{"line":297,"column":null}},{"start":{},"end":{}}],"line":297}},"s":{"0":2,"1":2,"2":2,"3":2,"4":2,"5":2,"6":2,"7":46,"8":2,"9":46,"10":1,"11":1,"12":0,"13":4,"14":6,"15":0,"16":6,"17":9,"18":9,"19":9,"20":9,"21":8,"22":0,"23":8,"24":0,"25":8,"26":8,"27":8,"28":8,"29":8,"30":8,"31":0,"32":8,"33":8,"34":8,"35":8,"36":0,"37":8,"38":8,"39":0,"40":0,"41":0,"42":0,"43":0,"44":0,"45":0,"46":0,"47":0,"48":0,"49":0,"50":0,"51":0,"52":8,"53":8,"54":8,"55":8,"56":8,"57":0,"58":0,"59":0,"60":0,"61":0,"62":8,"63":8,"64":0,"65":8,"66":32,"67":32,"68":1,"69":7,"70":1,"71":3,"72":3,"73":3,"74":1,"75":1,"76":1,"77":1,"78":2,"79":2,"80":0,"81":2,"82":2,"83":2,"84":0,"85":2,"86":2,"87":2,"88":0,"89":2,"90":2,"91":0,"92":2,"93":1,"94":1,"95":1,"96":2,"97":2,"98":2,"99":2,"100":0,"101":2,"102":2,"103":2,"104":2,"105":0,"106":2,"107":2,"108":0,"109":2,"110":2,"111":2,"112":1,"113":0,"114":1,"115":1,"116":0,"117":1,"118":1,"119":1,"120":1,"121":1,"122":1,"123":0,"124":0,"125":0,"126":0,"127":0,"128":0,"129":0,"130":0,"131":0,"132":0,"133":0,"134":0,"135":0,"136":0,"137":0,"138":0,"139":0,"140":0,"141":0,"142":0},"f":{"0":2,"1":2,"2":1,"3":0,"4":4,"5":6,"6":9,"7":8,"8":0,"9":0,"10":8,"11":7,"12":3,"13":1,"14":1,"15":2,"16":2,"17":2,"18":1,"19":1,"20":0,"21":0,"22":0},"b":{"0":[2,44],"1":[0,6],"2":[8],"3":[0,8],"4":[8,0],"5":[0,8],"6":[8,8],"7":[0,8],"8":[0,0],"9":[0,0],"10":[0,0,0],"11":[0,0],"12":[0,0],"13":[0,8],"14":[0,0],"15":[0,8],"16":[1,31],"17":[1,6],"18":[0,2],"19":[0,2],"20":[0,0],"21":[0,0],"22":[1,1],"23":[0,2],"24":[0,2],"25":[0,2],"26":[0,1],"27":[0,1],"28":[1,0],"29":[0,0],"30":[0,0],"31":[0,0]},"meta":{"lastBranch":32,"lastFunction":23,"lastStatement":143,"seen":{"s:11:25:11:Infinity":0,"s:20:36:25:Infinity":1,"s:28:50:28:Infinity":2,"s:29:43:29:Infinity":3,"s:30:34:30:Infinity":4,"s:31:36:31:Infinity":5,"s:32:21:32:Infinity":6,"f:34:15:34:38":0,"b:35:8:37:Infinity:undefined:undefined:undefined:undefined":0,"s:35:8:37:Infinity":7,"s:36:12:36:Infinity":8,"s:38:8:38:Infinity":9,"f:42:11:42:31":1,"s:43:8:43:Infinity":10,"f:46:8:46:29":2,"s:47:8:47:Infinity":11,"f:50:8:50:31":3,"s:51:8:51:Infinity":12,"f:54:8:54:27":4,"s:55:8:55:Infinity":13,"f:58:8:58:31":5,"b:59:8:61:Infinity:undefined:undefined:undefined:undefined":1,"s:59:8:61:Infinity":14,"s:60:12:60:Infinity":15,"s:62:8:62:Infinity":16,"f:65:4:65:18":6,"s:66:8:66:Infinity":17,"s:67:8:67:Infinity":18,"s:68:8:68:Infinity":19,"s:69:8:69:Infinity":20,"f:72:10:72:15":7,"b:72:43:72:65":2,"b:73:8:73:Infinity:undefined:undefined:undefined:undefined":3,"s:73:8:73:Infinity":21,"b:73:12:73:40:73:40:73:48":4,"s:73:48:73:Infinity":22,"b:74:8:74:Infinity:undefined:undefined:undefined:undefined":5,"s:74:8:74:Infinity":23,"s:74:40:74:Infinity":24,"s:76:8:76:Infinity":25,"s:77:8:77:Infinity":26,"s:78:8:78:Infinity":27,"b:78:22:78:38:78:38:78:Infinity":6,"s:80:8:140:Infinity":28,"s:81:31:81:Infinity":29,"s:82:30:82:Infinity":30,"f:82:30:82:47":8,"s:82:47:82:67":31,"s:85:12:91:Infinity":32,"s:86:16:88:Infinity":33,"s:90:16:90:Infinity":34,"b:93:12:95:Infinity:undefined:undefined:undefined:undefined":7,"s:93:12:95:Infinity":35,"s:94:16:94:Infinity":36,"s:97:27:97:Infinity":37,"s:99:33:125:Infinity":38,"f:101:20:101:29":9,"s:102:37:102:Infinity":39,"b:103:24:109:Infinity:undefined:undefined:undefined:undefined":8,"s:103:24:109:Infinity":40,"s:104:42:104:Infinity":41,"s:105:28:107:Infinity":42,"s:105:41:105:44":43,"s:106:32:106:Infinity":44,"s:108:28:108:Infinity":45,"s:110:39:110:Infinity":46,"s:111:40:111:Infinity":47,"b:112:24:122:Infinity:undefined:undefined:undefined:undefined":9,"s:112:24:122:Infinity":48,"b:113:28:113:Infinity:114:28:114:Infinity:115:28:115:Infinity":10,"b:117:28:121:Infinity:119:35:121:Infinity":11,"s:117:28:121:Infinity":49,"b:117:32:117:65:117:65:117:96":12,"s:118:32:118:Infinity":50,"s:120:32:120:Infinity":51,"s:127:33:127:Infinity":52,"s:128:12:128:Infinity":53,"s:129:12:129:Infinity":54,"s:130:12:130:Infinity":55,"b:132:12:134:Infinity:undefined:undefined:undefined:undefined":13,"s:132:12:134:Infinity":56,"s:133:16:133:Infinity":57,"s:136:12:136:Infinity":58,"s:137:12:137:Infinity":59,"b:137:49:137:63:137:63:137:Infinity":14,"s:138:12:138:Infinity":60,"s:139:12:139:Infinity":61,"f:143:4:143:12":10,"s:144:24:144:Infinity":62,"b:145:8:145:Infinity:undefined:undefined:undefined:undefined":15,"s:145:8:145:Infinity":63,"s:145:22:145:Infinity":64,"s:146:8:153:Infinity":65,"s:147:30:147:Infinity":66,"b:148:12:152:Infinity:undefined:undefined:undefined:undefined":16,"s:148:12:152:Infinity":67,"s:149:16:151:Infinity":68,"f:156:4:156:12":11,"b:157:8:157:Infinity:undefined:undefined:undefined:undefined":17,"s:157:8:157:Infinity":69,"s:157:28:157:Infinity":70,"f:160:4:160:12":12,"s:161:8:161:Infinity":71,"s:162:8:162:Infinity":72,"s:163:8:163:Infinity":73,"f:166:4:166:12":13,"s:167:8:167:Infinity":74,"s:168:8:168:Infinity":75,"f:171:4:171:12":14,"s:172:8:172:Infinity":76,"s:173:8:173:Infinity":77,"f:176:4:176:12":15,"s:177:24:177:Infinity":78,"b:178:8:180:Infinity:undefined:undefined:undefined:undefined":18,"s:178:8:180:Infinity":79,"s:179:12:179:Infinity":80,"s:181:20:181:Infinity":81,"s:182:20:182:Infinity":82,"b:184:8:186:Infinity:undefined:undefined:undefined:undefined":19,"s:184:8:186:Infinity":83,"s:185:12:185:Infinity":84,"s:189:8:196:Infinity":85,"s:190:27:190:Infinity":86,"s:191:12:191:Infinity":87,"s:193:12:195:Infinity":88,"b:194:75:194:87:194:87:194:Infinity":20,"s:199:8:205:Infinity":89,"s:200:12:200:Infinity":90,"s:202:12:204:Infinity":91,"b:203:70:203:82:203:82:203:Infinity":21,"b:207:8:210:Infinity:undefined:undefined:undefined:undefined":22,"s:207:8:210:Infinity":92,"s:208:28:208:Infinity":93,"s:209:12:209:Infinity":94,"s:212:8:212:Infinity":95,"f:215:4:215:12":16,"s:216:8:216:Infinity":96,"f:219:4:219:12":17,"s:220:8:220:Infinity":97,"s:221:24:221:Infinity":98,"b:222:8:224:Infinity:undefined:undefined:undefined:undefined":23,"s:222:8:224:Infinity":99,"s:223:12:223:Infinity":100,"s:226:24:226:Infinity":101,"s:227:22:227:Infinity":102,"s:228:20:228:Infinity":103,"b:230:8:230:Infinity:undefined:undefined:undefined:undefined":24,"s:230:8:230:Infinity":104,"s:230:23:230:Infinity":105,"s:232:20:232:Infinity":106,"b:233:8:235:Infinity:undefined:undefined:undefined:undefined":25,"s:233:8:235:Infinity":107,"s:234:12:234:Infinity":108,"s:237:23:237:Infinity":109,"s:238:8:238:Infinity":110,"s:240:8:240:Infinity":111,"f:243:4:243:12":18,"b:244:8:244:Infinity:undefined:undefined:undefined:undefined":26,"s:244:8:244:Infinity":112,"s:244:23:244:Infinity":113,"s:245:24:245:Infinity":114,"b:246:8:246:Infinity:undefined:undefined:undefined:undefined":27,"s:246:8:246:Infinity":115,"s:246:22:246:Infinity":116,"b:248:8:255:Infinity:undefined:undefined:undefined:undefined":28,"s:248:8:255:Infinity":117,"s:249:12:254:Infinity":118,"s:250:31:250:Infinity":119,"s:251:16:251:Infinity":120,"s:257:8:257:Infinity":121,"f:260:4:260:Infinity":19,"s:266:8:271:Infinity":122,"f:274:4:274:22":20,"s:275:8:275:Infinity":123,"f:278:4:278:16":21,"s:279:19:279:Infinity":124,"s:280:19:280:Infinity":125,"s:281:19:281:Infinity":126,"s:282:19:282:Infinity":127,"s:283:8:290:Infinity":128,"b:284:12:284:Infinity:undefined:undefined:undefined:undefined":29,"s:284:12:284:Infinity":129,"s:284:23:284:Infinity":130,"b:285:12:285:Infinity:undefined:undefined:undefined:undefined":30,"s:285:12:285:Infinity":131,"s:285:28:285:Infinity":132,"s:286:12:286:Infinity":133,"s:288:12:288:Infinity":134,"s:289:12:289:Infinity":135,"f:293:4:293:15":22,"s:294:18:294:Infinity":136,"s:295:18:295:Infinity":137,"s:296:8:301:Infinity":138,"b:297:12:297:Infinity:undefined:undefined:undefined:undefined":31,"s:297:12:297:Infinity":139,"s:297:23:297:Infinity":140,"s:298:12:298:Infinity":141,"s:300:12:300:Infinity":142},"fnNames":{}}}
,"/media/naranyala/Data/projects-remote/exba-wasm-vscode-extension/webview/core/wasm-test-utils.ts": {"path":"/media/naranyala/Data/projects-remote/exba-wasm-vscode-extension/webview/core/wasm-test-utils.ts","statementMap":{"0":{"start":{"line":18,"column":18},"end":{"line":18,"column":null}},"1":{"start":{"line":23,"column":4},"end":{"line":38,"column":null}},"2":{"start":{"line":25,"column":30},"end":{"line":25,"column":null}},"3":{"start":{"line":26,"column":30},"end":{"line":26,"column":null}},"4":{"start":{"line":28,"column":24},"end":{"line":28,"column":null}},"5":{"start":{"line":29,"column":12},"end":{"line":29,"column":null}},"6":{"start":{"line":30,"column":12},"end":{"line":30,"column":null}},"7":{"start":{"line":35,"column":28},"end":{"line":35,"column":null}},"8":{"start":{"line":36,"column":27},"end":{"line":36,"column":null}},"9":{"start":{"line":42,"column":24},"end":{"line":42,"column":null}},"10":{"start":{"line":44,"column":17},"end":{"line":85,"column":null}},"11":{"start":{"line":55,"column":20},"end":{"line":60,"column":null}},"12":{"start":{"line":61,"column":66},"end":{"line":61,"column":null}},"13":{"start":{"line":65,"column":32},"end":{"line":65,"column":null}},"14":{"start":{"line":66,"column":16},"end":{"line":66,"column":null}},"15":{"start":{"line":70,"column":33},"end":{"line":76,"column":null}},"16":{"start":{"line":77,"column":25},"end":{"line":77,"column":null}},"17":{"start":{"line":78,"column":24},"end":{"line":78,"column":null}},"18":{"start":{"line":79,"column":24},"end":{"line":79,"column":null}},"19":{"start":{"line":80,"column":31},"end":{"line":80,"column":null}},"20":{"start":{"line":81,"column":32},"end":{"line":81,"column":null}},"21":{"start":{"line":82,"column":27},"end":{"line":82,"column":null}},"22":{"start":{"line":87,"column":4},"end":{"line":87,"column":null}}},"fnMap":{"0":{"name":"createMockWasmExports","decl":{"start":{"line":20,"column":16},"end":{"line":20,"column":null}},"loc":{"start":{"line":22,"column":48},"end":{"line":39,"column":null}},"line":22},"1":{"name":"(anonymous_1)","decl":{"start":{"line":25,"column":8},"end":{"line":25,"column":30}},"loc":{"start":{"line":25,"column":30},"end":{"line":25,"column":null}},"line":25},"2":{"name":"(anonymous_2)","decl":{"start":{"line":26,"column":8},"end":{"line":26,"column":30}},"loc":{"start":{"line":26,"column":30},"end":{"line":26,"column":null}},"line":26},"3":{"name":"(anonymous_3)","decl":{"start":{"line":27,"column":8},"end":{"line":27,"column":16}},"loc":{"start":{"line":27,"column":32},"end":{"line":31,"column":null}},"line":27},"4":{"name":"(anonymous_4)","decl":{"start":{"line":32,"column":8},"end":{"line":32,"column":23}},"loc":{"start":{"line":32,"column":23},"end":{"line":32,"column":null}},"line":32},"5":{"name":"(anonymous_5)","decl":{"start":{"line":33,"column":8},"end":{"line":33,"column":33}},"loc":{"start":{"line":33,"column":33},"end":{"line":33,"column":null}},"line":33},"6":{"name":"(anonymous_6)","decl":{"start":{"line":34,"column":8},"end":{"line":34,"column":35}},"loc":{"start":{"line":34,"column":35},"end":{"line":34,"column":null}},"line":34},"7":{"name":"(anonymous_7)","decl":{"start":{"line":35,"column":8},"end":{"line":35,"column":28}},"loc":{"start":{"line":35,"column":28},"end":{"line":35,"column":null}},"line":35},"8":{"name":"(anonymous_8)","decl":{"start":{"line":36,"column":8},"end":{"line":36,"column":27}},"loc":{"start":{"line":36,"column":27},"end":{"line":36,"column":null}},"line":36},"9":{"name":"createMockWasmBridge","decl":{"start":{"line":41,"column":16},"end":{"line":41,"column":37}},"loc":{"start":{"line":41,"column":80},"end":{"line":88,"column":null}},"line":41},"10":{"name":"(anonymous_10)","decl":{"start":{"line":51,"column":14},"end":{"line":51,"column":26}},"loc":{"start":{"line":51,"column":26},"end":{"line":51,"column":null}},"line":51},"11":{"name":"(anonymous_11)","decl":{"start":{"line":52,"column":8},"end":{"line":52,"column":21}},"loc":{"start":{"line":52,"column":21},"end":{"line":52,"column":null}},"line":52},"12":{"name":"(anonymous_12)","decl":{"start":{"line":54,"column":23},"end":{"line":54,"column":null}},"loc":{"start":{"line":55,"column":20},"end":{"line":60,"column":null}},"line":55},"13":{"name":"(anonymous_13)","decl":{"start":{"line":61,"column":38},"end":{"line":61,"column":66}},"loc":{"start":{"line":61,"column":66},"end":{"line":61,"column":null}},"line":61},"14":{"name":"(anonymous_14)","decl":{"start":{"line":63,"column":23},"end":{"line":63,"column":null}},"loc":{"start":{"line":64,"column":52},"end":{"line":67,"column":null}},"line":64},"15":{"name":"(anonymous_15)","decl":{"start":{"line":69,"column":23},"end":{"line":69,"column":null}},"loc":{"start":{"line":70,"column":33},"end":{"line":76,"column":null}},"line":70},"16":{"name":"(anonymous_16)","decl":{"start":{"line":77,"column":8},"end":{"line":77,"column":25}},"loc":{"start":{"line":77,"column":25},"end":{"line":77,"column":null}},"line":77},"17":{"name":"(anonymous_17)","decl":{"start":{"line":78,"column":8},"end":{"line":78,"column":24}},"loc":{"start":{"line":78,"column":24},"end":{"line":78,"column":null}},"line":78},"18":{"name":"(anonymous_18)","decl":{"start":{"line":79,"column":8},"end":{"line":79,"column":24}},"loc":{"start":{"line":79,"column":24},"end":{"line":79,"column":null}},"line":79},"19":{"name":"(anonymous_19)","decl":{"start":{"line":80,"column":8},"end":{"line":80,"column":31}},"loc":{"start":{"line":80,"column":31},"end":{"line":80,"column":null}},"line":80},"20":{"name":"(anonymous_20)","decl":{"start":{"line":81,"column":8},"end":{"line":81,"column":32}},"loc":{"start":{"line":81,"column":32},"end":{"line":81,"column":null}},"line":81},"21":{"name":"(anonymous_21)","decl":{"start":{"line":82,"column":8},"end":{"line":82,"column":27}},"loc":{"start":{"line":82,"column":27},"end":{"line":82,"column":null}},"line":82},"22":{"name":"(anonymous_22)","decl":{"start":{"line":83,"column":8},"end":{"line":83,"column":27}},"loc":{"start":{"line":83,"column":27},"end":{"line":83,"column":null}},"line":83},"23":{"name":"(anonymous_23)","decl":{"start":{"line":84,"column":8},"end":{"line":84,"column":28}},"loc":{"start":{"line":84,"column":28},"end":{"line":84,"column":null}},"line":84}},"branchMap":{"0":{"loc":{"start":{"line":46,"column":17},"end":{"line":46,"column":null}},"type":"cond-expr","locations":[{"start":{"line":46,"column":49},"end":{"line":46,"column":78}},{"start":{"line":46,"column":78},"end":{"line":46,"column":null}}],"line":46},"1":{"loc":{"start":{"line":49,"column":17},"end":{"line":49,"column":null}},"type":"binary-expr","locations":[{"start":{"line":49,"column":17},"end":{"line":49,"column":39}},{"start":{"line":49,"column":39},"end":{"line":49,"column":null}}],"line":49},"2":{"loc":{"start":{"line":54,"column":12},"end":{"line":60,"column":null}},"type":"binary-expr","locations":[{"start":{"line":54,"column":12},"end":{"line":54,"column":null}},{"start":{"line":54,"column":23},"end":{"line":60,"column":null}}],"line":54},"3":{"loc":{"start":{"line":61,"column":27},"end":{"line":61,"column":null}},"type":"binary-expr","locations":[{"start":{"line":61,"column":27},"end":{"line":61,"column":66}},{"start":{"line":61,"column":38},"end":{"line":61,"column":null}}],"line":61},"4":{"loc":{"start":{"line":63,"column":12},"end":{"line":67,"column":null}},"type":"binary-expr","locations":[{"start":{"line":63,"column":12},"end":{"line":63,"column":null}},{"start":{"line":63,"column":23},"end":{"line":67,"column":null}}],"line":63},"5":{"loc":{"start":{"line":66,"column":23},"end":{"line":66,"column":null}},"type":"cond-expr","locations":[{"start":{"line":66,"column":33},"end":{"line":66,"column":39}},{"start":{"line":66,"column":39},"end":{"line":66,"column":null}}],"line":66},"6":{"loc":{"start":{"line":69,"column":12},"end":{"line":76,"column":null}},"type":"binary-expr","locations":[{"start":{"line":69,"column":12},"end":{"line":69,"column":null}},{"start":{"line":69,"column":23},"end":{"line":76,"column":null}}],"line":69},"7":{"loc":{"start":{"line":75,"column":28},"end":{"line":75,"column":null}},"type":"cond-expr","locations":[{"start":{"line":75,"column":36},"end":{"line":75,"column":64}},{"start":{"line":75,"column":64},"end":{"line":75,"column":null}}],"line":75}},"s":{"0":2,"1":9,"2":0,"3":0,"4":2,"5":2,"6":2,"7":0,"8":0,"9":1,"10":1,"11":1,"12":1,"13":13,"14":13,"15":0,"16":0,"17":0,"18":0,"19":0,"20":0,"21":0,"22":1},"f":{"0":9,"1":0,"2":0,"3":2,"4":1,"5":0,"6":0,"7":0,"8":0,"9":1,"10":0,"11":0,"12":1,"13":1,"14":13,"15":0,"16":0,"17":0,"18":0,"19":0,"20":0,"21":0,"22":0,"23":0},"b":{"0":[0,1],"1":[1,1],"2":[1,1],"3":[1,1],"4":[1,13],"5":[1,12],"6":[1,0],"7":[0,0]},"meta":{"lastBranch":8,"lastFunction":24,"lastStatement":23,"seen":{"s:18:18:18:Infinity":0,"f:20:16:20:Infinity":0,"s:23:4:38:Infinity":1,"f:25:8:25:30":1,"s:25:30:25:Infinity":2,"f:26:8:26:30":2,"s:26:30:26:Infinity":3,"f:27:8:27:16":3,"s:28:24:28:Infinity":4,"s:29:12:29:Infinity":5,"s:30:12:30:Infinity":6,"f:32:8:32:23":4,"f:33:8:33:33":5,"f:34:8:34:35":6,"f:35:8:35:28":7,"s:35:28:35:Infinity":7,"f:36:8:36:27":8,"s:36:27:36:Infinity":8,"f:41:16:41:37":9,"s:42:24:42:Infinity":9,"s:44:17:85:Infinity":10,"b:46:49:46:78:46:78:46:Infinity":0,"b:49:17:49:39:49:39:49:Infinity":1,"f:51:14:51:26":10,"f:52:8:52:21":11,"b:54:12:54:Infinity:54:23:60:Infinity":2,"f:54:23:54:Infinity":12,"s:55:20:60:Infinity":11,"b:61:27:61:66:61:38:61:Infinity":3,"f:61:38:61:66":13,"s:61:66:61:Infinity":12,"b:63:12:63:Infinity:63:23:67:Infinity":4,"f:63:23:63:Infinity":14,"s:65:32:65:Infinity":13,"s:66:16:66:Infinity":14,"b:66:33:66:39:66:39:66:Infinity":5,"b:69:12:69:Infinity:69:23:76:Infinity":6,"f:69:23:69:Infinity":15,"s:70:33:76:Infinity":15,"b:75:36:75:64:75:64:75:Infinity":7,"f:77:8:77:25":16,"s:77:25:77:Infinity":16,"f:78:8:78:24":17,"s:78:24:78:Infinity":17,"f:79:8:79:24":18,"s:79:24:79:Infinity":18,"f:80:8:80:31":19,"s:80:31:80:Infinity":19,"f:81:8:81:32":20,"s:81:32:81:Infinity":20,"f:82:8:82:27":21,"s:82:27:82:Infinity":21,"f:83:8:83:27":22,"f:84:8:84:28":23,"s:87:4:87:Infinity":22},"fnNames":{}}}
}
